/autofs/cluster/fusion/gramfort/work/data/bem_giorgio/subjects/sample/mri
/usr/local/freesurfer/stable5_1_0/bin/talairach_avi
--i orig.mgz --xfm transforms/talairach.auto.xfm
$Id: talairach_avi,v 1.9 2011/03/02 18:38:06 nicks Exp $
Linux megmix 2.6.18-238.9.1.el5 #1 SMP Tue Apr 12 18:10:13 EDT 2011 x86_64 x86_64 x86_64 GNU/Linux
Thu Sep 15 14:10:56 EDT 2011
mri_convert orig.mgz talsrcimg.img 
$Id: mri_convert.c,v 1.181 2011/05/16 20:53:14 greve Exp $
reading from orig.mgz...
TR=2300.00, TE=1.64, TI=1100.00, flip angle=9.00
i_ras = (-1, 8.56817e-08, 1.49012e-08)
j_ras = (1.15484e-07, 7.85803e-09, -1)
k_ras = (-1.91852e-07, 1, 3.20142e-09)
writing to talsrcimg.img...
Analyze Output Matrix
-1.000   0.000  -0.000   123.726;
 0.000   0.000   1.000  -119.961;
 0.000  -1.000   0.000   101.712;
 0.000   0.000   0.000   1.000;
--------------------
INFO: set hdr.hist.orient to -1
mpr2mni305 talsrcimg
Thu Sep 15 14:10:58 EDT 2011
/usr/local/freesurfer/stable5_1_0/bin/mpr2mni305 talsrcimg
$Id: mpr2mni305,v 1.4 2009/06/03 16:01:38 nicks Exp $
target=711-2C_as_mni_average_305

---------------------------------------------------------------------
analyzeto4dfp talsrcimg -O0 -y
---------------------------------------------------------------------

$Id: ifh2hdr.c,v 1.3 2007/05/05 10:45:03 nicks Exp $
Thu Sep 15 14:11:05 2011
Writing: talsrcimg.4dfp.hdr
$Id: analyzeto4dfp.c,v 1.2 2007/05/05 00:00:06 nicks Exp $
Reading: talsrcimg.hdr
header size 348 bytes
hdr.dime.datatype	offset=70	value=2
hdr.dime.bitpix		offset=72	value=8
hdr.hist.orient		offset=252	value=-1
dimensionality     4
dimensions       256       256       256         1
Reading: talsrcimg.img
Writing: talsrcimg.4dfp.img
Writing: talsrcimg.4dfp.ifh
ifh2hdr talsrcimg -r0to255
ori=2

---------------------------------------------------------------------
gauss_4dfp talsrcimg 1.1
---------------------------------------------------------------------

$Id: gauss_4dfp.c,v 1.3 2009/05/15 21:43:46 nicks Exp $
Reading: talsrcimg.4dfp.img
Writing: talsrcimg_g11.4dfp.img
image dimensions 256 256 256 padded to 288 288 288
processing volume 1$Id: ifh2hdr.c,v 1.3 2007/05/05 10:45:03 nicks Exp $
Thu Sep 15 14:11:20 2011
Writing: talsrcimg_g11.4dfp.hdr

Writing: talsrcimg_g11.4dfp.ifh
including: talsrcimg.4dfp.img.rec in talsrcimg_g11.4dfp.img.rec

---------------------------------------------------------------------
imgreg_4dfp /usr/local/freesurfer/stable5_1_0/average/711-2C_as_mni_average_305 none talsrcimg_g11 none talsrcimg_to_711-2C_as_mni_average_305_t4 4355
---------------------------------------------------------------------

$Id: imgreg_4dfp.c,v 1.4 2010/02/27 01:41:53 nicks Exp $
/usr/local/freesurfer/stable5_1_0/average/711-2C_as_mni_average_305.4dfp.img
       256       256       256         1
  1.000000  1.000000  1.000000
orientation T byte_order littleendian
Reading image: /usr/local/freesurfer/stable5_1_0/average/711-2C_as_mni_average_305.4dfp.img
dimensions:      256       256       256
mmppix:       1.0000   -1.0000   -1.0000
center:     128.0000 -129.0000 -129.0000
talsrcimg_g11.4dfp.img
       256       256       256         1
  1.000000  1.000000  1.000000
orientation T byte_order littleendian
Reading image: talsrcimg_g11.4dfp.img
dimensions:      256       256       256
mmppix:       1.0000   -1.0000   -1.0000
center:     128.0000 -129.0000 -129.0000
t4_read: talsrcimg_to_711-2C_as_mni_average_305_t4 read error
t4_read: transform initialized to I4
rotation matrix determinant  1.000000
image alignment mode   4355 decimal     1103 hex
   -7.5000  -45.0000  -45.0000 8124.6411    7.3977
    0.0000  -45.0000  -45.0000 8484.5830    7.4004
    7.5000  -45.0000  -45.0000 8199.0459    7.4019
   -7.5000  -37.5000  -45.0000 8517.5537    7.2933
    0.0000  -37.5000  -45.0000 8913.3467    7.2969
    7.5000  -37.5000  -45.0000 8585.7676    7.3004
   -7.5000  -30.0000  -45.0000 9246.3662    7.1734
    0.0000  -30.0000  -45.0000 9677.9229    7.1773
    7.5000  -30.0000  -45.0000 9295.8174    7.1825
   -7.5000  -22.5000  -45.0000 9982.2783    7.0919
    0.0000  -22.5000  -45.000010462.4326    7.0951
    7.5000  -22.5000  -45.000010034.8691    7.0990
   -7.5000  -15.0000  -45.000010722.4912    7.0471
    0.0000  -15.0000  -45.000011242.8174    7.0495
    7.5000  -15.0000  -45.000010784.5537    7.0512
   -7.5000   -7.5000  -45.000011442.6152    7.0340
    0.0000   -7.5000  -45.000011984.7891    7.0362
    7.5000   -7.5000  -45.000011517.4150    7.0368
   -7.5000    0.0000  -45.000012093.1602    7.0280
    0.0000    0.0000  -45.000012660.4551    7.0304
    7.5000    0.0000  -45.000012154.1455    7.0316
   -7.5000    7.5000  -45.000011834.1465    7.0737
    0.0000    7.5000  -45.000012392.7725    7.0770
    7.5000    7.5000  -45.000011863.4141    7.0804
   -7.5000   15.0000  -45.000011425.0508    7.1406
    0.0000   15.0000  -45.000011969.2373    7.1446
    7.5000   15.0000  -45.000011436.2607    7.1496
   -7.5000   22.5000  -45.000010930.1758    7.2164
    0.0000   22.5000  -45.000011427.4316    7.2200
    7.5000   22.5000  -45.000010914.4189    7.2236
   -7.5000   30.0000  -45.000010366.5020    7.2096
    0.0000   30.0000  -45.000010828.7266    7.2124
    7.5000   30.0000  -45.000010338.7148    7.2131
   -7.5000   37.5000  -45.000010105.4141    7.3053
    0.0000   37.5000  -45.000010543.0898    7.3077
    7.5000   37.5000  -45.000010073.1611    7.3065
   -7.5000   45.0000  -45.0000 9451.9385    7.2312
    0.0000   45.0000  -45.0000 9906.0332    7.2341
    7.5000   45.0000  -45.0000 9434.7695    7.2340
   -7.5000  -45.0000  -37.5000 8576.9258    7.3050
    0.0000  -45.0000  -37.5000 8984.4775    7.3067
    7.5000  -45.0000  -37.5000 8659.5049    7.3079
   -7.5000  -37.5000  -37.5000 8992.5811    7.2014
    0.0000  -37.5000  -37.5000 9427.7041    7.2044
    7.5000  -37.5000  -37.5000 9070.8545    7.2072
   -7.5000  -30.0000  -37.5000 9769.7188    7.0839
    0.0000  -30.0000  -37.500010236.7021    7.0876
    7.5000  -30.0000  -37.5000 9830.9365    7.0921
   -7.5000  -22.5000  -37.500010577.4180    7.0045
    0.0000  -22.5000  -37.500011089.9873    7.0074
    7.5000  -22.5000  -37.500010641.6689    7.0108
   -7.5000  -15.0000  -37.500011374.4707    6.9616
    0.0000  -15.0000  -37.500011923.8350    6.9635
    7.5000  -15.0000  -37.500011447.0947    6.9650
   -7.5000   -7.5000  -37.500012146.7969    6.9495
    0.0000   -7.5000  -37.500012740.0430    6.9508
    7.5000   -7.5000  -37.500012225.8809    6.9511
   -7.5000    0.0000  -37.500012841.6064    6.9433
    0.0000    0.0000  -37.500013470.9883    6.9448
    7.5000    0.0000  -37.500012899.2812    6.9456
   -7.5000    7.5000  -37.500012535.2695    6.9867
    0.0000    7.5000  -37.500013148.9238    6.9894
    7.5000    7.5000  -37.500012554.3574    6.9921
   -7.5000   15.0000  -37.500012090.3369    7.0513
    0.0000   15.0000  -37.500012650.1318    7.0552
    7.5000   15.0000  -37.500012084.2471    7.0594
   -7.5000   22.5000  -37.500011556.1768    7.1265
    0.0000   22.5000  -37.500012080.5420    7.1298
    7.5000   22.5000  -37.500011522.3438    7.1328
   -7.5000   30.0000  -37.500010952.5566    7.1211
    0.0000   30.0000  -37.500011451.9482    7.1232
    7.5000   30.0000  -37.500010905.1133    7.1235
   -7.5000   37.5000  -37.500010663.1143    7.2169
    0.0000   37.5000  -37.500011144.9336    7.2179
    7.5000   37.5000  -37.500010627.1006    7.2164
   -7.5000   45.0000  -37.5000 9975.4170    7.1440
    0.0000   45.0000  -37.500010457.9873    7.1455
    7.5000   45.0000  -37.5000 9951.4082    7.1448
   -7.5000  -45.0000  -30.0000 9195.4316    7.5585
    0.0000  -45.0000  -30.0000 9636.6611    7.5600
    7.5000  -45.0000  -30.0000 9292.0537    7.5627
   -7.5000  -37.5000  -30.0000 9651.2178    7.4528
    0.0000  -37.5000  -30.000010111.9619    7.4558
    7.5000  -37.5000  -30.0000 9736.3555    7.4593
   -7.5000  -30.0000  -30.000010503.9209    7.3321
    0.0000  -30.0000  -30.000011012.0947    7.3358
    7.5000  -30.0000  -30.000010582.8486    7.3410
   -7.5000  -22.5000  -30.000011404.8418    7.2497
    0.0000  -22.5000  -30.000011957.1338    7.2524
    7.5000  -22.5000  -30.000011484.9033    7.2568
   -7.5000  -15.0000  -30.000012276.8428    7.2048
    0.0000  -15.0000  -30.000012868.3945    7.2063
    7.5000  -15.0000  -30.000012364.6973    7.2093
   -7.5000   -7.5000  -30.000013130.2588    7.1923
    0.0000   -7.5000  -30.000013754.8682    7.1932
    7.5000   -7.5000  -30.000013198.0859    7.1951
   -7.5000    0.0000  -30.000013889.7959    7.1865
    0.0000    0.0000  -30.000014546.2793    7.1877
    7.5000    0.0000  -30.000013922.7812    7.1899
   -7.5000    7.5000  -30.000013527.3271    7.2313
    0.0000    7.5000  -30.000014186.0391    7.2341
    7.5000    7.5000  -30.000013544.0049    7.2376
   -7.5000   15.0000  -30.000013031.4170    7.2981
    0.0000   15.0000  -30.000013628.1377    7.3020
    7.5000   15.0000  -30.000013022.4121    7.3068
   -7.5000   22.5000  -30.000012418.6533    7.3745
    0.0000   22.5000  -30.000013001.1875    7.3777
    7.5000   22.5000  -30.000012398.0020    7.3817
   -7.5000   30.0000  -30.000011759.8115    7.3705
    0.0000   30.0000  -30.000012299.8027    7.3721
    7.5000   30.0000  -30.000011711.2734    7.3739
   -7.5000   37.5000  -30.000011458.5322    7.4703
    0.0000   37.5000  -30.000011963.7871    7.4708
    7.5000   37.5000  -30.000011406.5361    7.4708
   -7.5000   45.0000  -30.000010714.6699    7.4009
    0.0000   45.0000  -30.000011212.5713    7.4020
    7.5000   45.0000  -30.000010683.7549    7.4025
   -7.5000  -45.0000  -22.5000 9831.1309    7.7743
    0.0000  -45.0000  -22.500010322.6172    7.7768
    7.5000  -45.0000  -22.5000 9940.9062    7.7817
   -7.5000  -37.5000  -22.500010337.4766    7.6687
    0.0000  -37.5000  -22.500010858.5332    7.6723
    7.5000  -37.5000  -22.500010443.5371    7.6780
   -7.5000  -30.0000  -22.500011274.3633    7.5456
    0.0000  -30.0000  -22.500011831.8682    7.5494
    7.5000  -30.0000  -22.500011378.4922    7.5569
   -7.5000  -22.5000  -22.500012260.8037    7.4597
    0.0000  -22.5000  -22.500012862.2617    7.4628
    7.5000  -22.5000  -22.500012355.5205    7.4696
   -7.5000  -15.0000  -22.500013219.8799    7.4115
    0.0000  -15.0000  -22.500013869.0898    7.4139
    7.5000  -15.0000  -22.500013310.0020    7.4194
   -7.5000   -7.5000  -22.500014165.7168    7.3983
    0.0000   -7.5000  -22.500014848.1484    7.4003
    7.5000   -7.5000  -22.500014225.1562    7.4045
   -7.5000    0.0000  -22.500014965.4229    7.3935
    0.0000    0.0000  -22.500015685.1689    7.3958
    7.5000    0.0000  -22.500015014.8271    7.4000
   -7.5000    7.5000  -22.500014563.7275    7.4410
    0.0000    7.5000  -22.500015267.4492    7.4443
    7.5000    7.5000  -22.500014588.3242    7.4501
   -7.5000   15.0000  -22.500013981.7217    7.5102
    0.0000   15.0000  -22.500014630.3232    7.5142
    7.5000   15.0000  -22.500013976.3047    7.5213
   -7.5000   22.5000  -22.500013283.3125    7.5864
    0.0000   22.5000  -22.500013919.3057    7.5900
    7.5000   22.5000  -22.500013267.4404    7.5965
   -7.5000   30.0000  -22.500012568.3389    7.5827
    0.0000   30.0000  -22.500013166.5264    7.5852
    7.5000   30.0000  -22.500012530.8926    7.5897
   -7.5000   37.5000  -22.500012248.1670    7.6855
    0.0000   37.5000  -22.500012821.0576    7.6874
    7.5000   37.5000  -22.500012212.0918    7.6900
   -7.5000   45.0000  -22.500011464.2871    7.6204
    0.0000   45.0000  -22.500011998.4795    7.6229
    7.5000   45.0000  -22.500011432.5723    7.6257
   -7.5000  -45.0000  -15.000010509.1562    7.9285
    0.0000  -45.0000  -15.000011036.1602    7.9317
    7.5000  -45.0000  -15.000010641.7402    7.9364
   -7.5000  -37.5000  -15.000011077.6982    7.8226
    0.0000  -37.5000  -15.000011636.1279    7.8263
    7.5000  -37.5000  -15.000011202.4238    7.8327
   -7.5000  -30.0000  -15.000012120.2383    7.6974
    0.0000  -30.0000  -15.000012716.0137    7.7008
    7.5000  -30.0000  -15.000012235.1758    7.7093
   -7.5000  -22.5000  -15.000013188.4414    7.6091
    0.0000  -22.5000  -15.000013843.6436    7.6121
    7.5000  -22.5000  -15.000013296.5029    7.6197
   -7.5000  -15.0000  -15.000014225.0078    7.5589
    0.0000  -15.0000  -15.000014937.4043    7.5616
    7.5000  -15.0000  -15.000014339.0615    7.5674
   -7.5000   -7.5000  -15.000015230.3721    7.5455
    0.0000   -7.5000  -15.000015987.4355    7.5481
    7.5000   -7.5000  -15.000015311.3271    7.5522
   -7.5000    0.0000  -15.000016074.4863    7.5416
    0.0000    0.0000  -15.000016887.8926    7.5443
    7.5000    0.0000  -15.000016143.9775    7.5486
   -7.5000    7.5000  -15.000015646.4395    7.5909
    0.0000    7.5000  -15.000016440.4297    7.5944
    7.5000    7.5000  -15.000015666.7500    7.6007
   -7.5000   15.0000  -15.000014982.4824    7.6613
    0.0000   15.0000  -15.000015716.9209    7.6651
    7.5000   15.0000  -15.000014974.5400    7.6731
   -7.5000   22.5000  -15.000014224.6729    7.7369
    0.0000   22.5000  -15.000014924.5674    7.7404
    7.5000   22.5000  -15.000014200.3828    7.7477
   -7.5000   30.0000  -15.000013433.0225    7.7340
    0.0000   30.0000  -15.000014089.8477    7.7369
    7.5000   30.0000  -15.000013380.9824    7.7417
   -7.5000   37.5000  -15.000013087.9004    7.8395
    0.0000   37.5000  -15.000013727.7275    7.8424
    7.5000   37.5000  -15.000013037.9199    7.8450
   -7.5000   45.0000  -15.000012240.0547    7.7785
    0.0000   45.0000  -15.000012805.8145    7.7819
    7.5000   45.0000  -15.000012195.0264    7.7849
   -7.5000  -45.0000   -7.500011260.0400    7.9960
    0.0000  -45.0000   -7.500011822.6543    7.9994
    7.5000  -45.0000   -7.500011402.9619    8.0014
   -7.5000  -37.5000   -7.500011888.6045    7.8877
    0.0000  -37.5000   -7.500012462.9668    7.8917
    7.5000  -37.5000   -7.500012005.5078    7.8961
   -7.5000  -30.0000   -7.500013028.5117    7.7609
    0.0000  -30.0000   -7.500013665.0732    7.7649
    7.5000  -30.0000   -7.500013141.7549    7.7714
   -7.5000  -22.5000   -7.500014175.1846    7.6732
    0.0000  -22.5000   -7.500014877.4463    7.6766
    7.5000  -22.5000   -7.500014293.2939    7.6819
   -7.5000  -15.0000   -7.500015292.8809    7.6241
    0.0000  -15.0000   -7.500016043.8271    7.6271
    7.5000  -15.0000   -7.500015400.6084    7.6300
   -7.5000   -7.5000   -7.500016336.5654    7.6106
    0.0000   -7.5000   -7.500017159.0293    7.6136
    7.5000   -7.5000   -7.500016416.7676    7.6148
   -7.5000    0.0000   -7.500017247.2695    7.6057
    0.0000    0.0000   -7.500018150.0684    7.6087
    7.5000    0.0000   -7.500017312.3789    7.6105
   -7.5000    7.5000   -7.500016820.1367    7.6545
    0.0000    7.5000   -7.500017694.9766    7.6582
    7.5000    7.5000   -7.500016835.0391    7.6626
   -7.5000   15.0000   -7.500016102.3740    7.7244
    0.0000   15.0000   -7.500016929.5078    7.7287
    7.5000   15.0000   -7.500016109.6348    7.7349
   -7.5000   22.5000   -7.500015241.4980    7.8004
    0.0000   22.5000   -7.500015998.3936    7.8043
    7.5000   22.5000   -7.500015220.2480    7.8093
   -7.5000   30.0000   -7.500014364.2158    7.7999
    0.0000   30.0000   -7.500015050.3135    7.8032
    7.5000   30.0000   -7.500014314.0605    7.8051
   -7.5000   37.5000   -7.500013984.8652    7.9074
    0.0000   37.5000   -7.500014651.5449    7.9107
    7.5000   37.5000   -7.500013935.2783    7.9102
   -7.5000   45.0000   -7.500013045.9551    7.8478
    0.0000   45.0000   -7.500013642.9414    7.8516
    7.5000   45.0000   -7.500013001.1104    7.8521
   -7.5000  -45.0000    0.000011976.2793    7.9971
    0.0000  -45.0000    0.000012569.1416    8.0007
    7.5000  -45.0000    0.000012114.8906    8.0011
   -7.5000  -37.5000    0.000012667.3818    7.8863
    0.0000  -37.5000    0.000013268.1328    7.8909
    7.5000  -37.5000    0.000012771.9346    7.8937
   -7.5000  -30.0000    0.000013895.2480    7.7594
    0.0000  -30.0000    0.000014578.1328    7.7644
    7.5000  -30.0000    0.000014006.8428    7.7692
   -7.5000  -22.5000    0.000015104.3438    7.6734
    0.0000  -22.5000    0.000015848.0449    7.6777
    7.5000  -22.5000    0.000015217.9512    7.6811
   -7.5000  -15.0000    0.000016265.5430    7.6264
    0.0000  -15.0000    0.000017083.9551    7.6300
    7.5000  -15.0000    0.000016365.4492    7.6307
   -7.5000   -7.5000    0.000017348.9707    7.6129
    0.0000   -7.5000    0.000018261.7148    7.6161
    7.5000   -7.5000    0.000017427.2715    7.6155
   -7.5000    0.0000    0.000018317.9844    7.6063
    0.0000    0.0000    0.000019331.9629    7.6095
    7.5000    0.0000    0.000018383.5508    7.6098
   -7.5000    7.5000    0.000017888.8691    7.6535
    0.0000    7.5000    0.000018906.1621    7.6578
    7.5000    7.5000    0.000017905.2773    7.6605
   -7.5000   15.0000    0.000017209.4141    7.7228
    0.0000   15.0000    0.000018149.3164    7.7280
    7.5000   15.0000    0.000017182.2129    7.7326
   -7.5000   22.5000    0.000016302.4316    7.8004
    0.0000   22.5000    0.000017103.7773    7.8053
    7.5000   22.5000    0.000016252.0830    7.8082
   -7.5000   30.0000    0.000015319.9746    7.8025
    0.0000   30.0000    0.000016020.5068    7.8064
    7.5000   30.0000    0.000015269.1289    7.8060
   -7.5000   37.5000    0.000014891.0156    7.9111
    0.0000   37.5000    0.000015582.6377    7.9144
    7.5000   37.5000    0.000014811.3945    7.9118
   -7.5000   45.0000    0.000013867.0059    7.8512
    0.0000   45.0000    0.000014560.4893    7.8550
    7.5000   45.0000    0.000013788.5898    7.8537
   -7.5000  -45.0000    7.500011787.0635    8.0063
    0.0000  -45.0000    7.500012362.2314    8.0097
    7.5000  -45.0000    7.500011898.3975    8.0110
   -7.5000  -37.5000    7.500012456.7920    7.8943
    0.0000  -37.5000    7.500013063.8428    7.8991
    7.5000  -37.5000    7.500012540.4404    7.9021
   -7.5000  -30.0000    7.500013661.9971    7.7674
    0.0000  -30.0000    7.500014345.7529    7.7729
    7.5000  -30.0000    7.500013756.0752    7.7778
   -7.5000  -22.5000    7.500014862.5547    7.6817
    0.0000  -22.5000    7.500015603.9971    7.6864
    7.5000  -22.5000    7.500014942.5400    7.6900
   -7.5000  -15.0000    7.500016005.1719    7.6354
    0.0000  -15.0000    7.500016832.6094    7.6389
    7.5000  -15.0000    7.500016070.8359    7.6403
   -7.5000   -7.5000    7.500017089.1875    7.6221
    0.0000   -7.5000    7.500018007.0527    7.6249
    7.5000   -7.5000    7.500017125.1660    7.6251
   -7.5000    0.0000    7.500018057.3711    7.6151
    0.0000    0.0000    7.500019053.6738    7.6181
    7.5000    0.0000    7.500018074.6387    7.6189
   -7.5000    7.5000    7.500017640.4258    7.6615
    0.0000    7.5000    7.500018646.5195    7.6660
    7.5000    7.5000    7.500017626.6738    7.6689
   -7.5000   15.0000    7.500017046.1367    7.7309
    0.0000   15.0000    7.500018100.2500    7.7366
    7.5000   15.0000    7.500016999.8125    7.7412
   -7.5000   22.5000    7.500016260.0254    7.8096
    0.0000   22.5000    7.500017270.9355    7.8148
    7.5000   22.5000    7.500016200.3682    7.8179
   -7.5000   30.0000    7.500015273.1396    7.8124
    0.0000   30.0000    7.500016179.6113    7.8162
    7.5000   30.0000    7.500015196.7920    7.8163
   -7.5000   37.5000    7.500014719.0596    7.9213
    0.0000   37.5000    7.500015595.2949    7.9238
    7.5000   37.5000    7.500014632.9209    7.9220
   -7.5000   45.0000    7.500013654.6045    7.8606
    0.0000   45.0000    7.500014467.8154    7.8637
    7.5000   45.0000    7.500013569.8896    7.8629
   -7.5000  -45.0000   15.000011470.6270    8.0172
    0.0000  -45.0000   15.000012045.2490    8.0200
    7.5000  -45.0000   15.000011547.1396    8.0238
   -7.5000  -37.5000   15.000012133.2051    7.9063
    0.0000  -37.5000   15.000012736.0049    7.9107
    7.5000  -37.5000   15.000012189.1289    7.9153
   -7.5000  -30.0000   15.000013302.4951    7.7798
    0.0000  -30.0000   15.000013957.2764    7.7850
    7.5000  -30.0000   15.000013355.2910    7.7912
   -7.5000  -22.5000   15.000014438.5068    7.6934
    0.0000  -22.5000   15.000015163.4209    7.6976
    7.5000  -22.5000   15.000014477.5312    7.7029
   -7.5000  -15.0000   15.000015526.8438    7.6463
    0.0000  -15.0000   15.000016344.1240    7.6491
    7.5000  -15.0000   15.000015537.7109    7.6529
   -7.5000   -7.5000   15.000016569.2949    7.6329
    0.0000   -7.5000   15.000017517.1582    7.6350
    7.5000   -7.5000   15.000016586.6133    7.6377
   -7.5000    0.0000   15.000017526.0977    7.6265
    0.0000    0.0000   15.000018584.0801    7.6289
    7.5000    0.0000   15.000017548.1836    7.6320
   -7.5000    7.5000   15.000017136.0195    7.6734
    0.0000    7.5000   15.000018269.8672    7.6775
    7.5000    7.5000   15.000017179.7734    7.6821
   -7.5000   15.0000   15.000016565.1992    7.7435
    0.0000   15.0000   15.000017862.0625    7.7489
    7.5000   15.0000   15.000016599.5352    7.7548
   -7.5000   22.5000   15.000015821.7734    7.8222
    0.0000   22.5000   15.000017101.3711    7.8269
    7.5000   22.5000   15.000015824.2061    7.8318
   -7.5000   30.0000   15.000014796.5459    7.8244
    0.0000   30.0000   15.000015930.7158    7.8274
    7.5000   30.0000   15.000014785.3125    7.8299
   -7.5000   37.5000   15.000014226.4561    7.9331
    0.0000   37.5000   15.000015251.6201    7.9348
    7.5000   37.5000   15.000014196.5312    7.9356
   -7.5000   45.0000   15.000013190.5449    7.8725
    0.0000   45.0000   15.000014060.0488    7.8749
    7.5000   45.0000   15.000013139.4336    7.8763
   -7.5000  -45.0000   22.500011013.5654    8.0284
    0.0000  -45.0000   22.500011564.4746    8.0311
    7.5000  -45.0000   22.500011051.6455    8.0365
   -7.5000  -37.5000   22.500011609.7832    7.9203
    0.0000  -37.5000   22.500012197.7080    7.9242
    7.5000  -37.5000   22.500011638.2207    7.9304
   -7.5000  -30.0000   22.500012706.8047    7.7944
    0.0000  -30.0000   22.500013375.4941    7.7984
    7.5000  -30.0000   22.500012745.0186    7.8065
   -7.5000  -22.5000   22.500013785.7539    7.7066
    0.0000  -22.5000   22.500014538.4951    7.7098
    7.5000  -22.5000   22.500013818.1035    7.7172
   -7.5000  -15.0000   22.500014847.9648    7.6572
    0.0000  -15.0000   22.500015704.0840    7.6597
    7.5000  -15.0000   22.500014878.2246    7.6656
   -7.5000   -7.5000   22.500015888.3682    7.6435
    0.0000   -7.5000   22.500016856.1113    7.6456
    7.5000   -7.5000   22.500015949.3594    7.6502
   -7.5000    0.0000   22.500016857.5293    7.6384
    0.0000    0.0000   22.500017921.3945    7.6408
    7.5000    0.0000   22.500016924.8574    7.6455
   -7.5000    7.5000   22.500016484.5039    7.6871
    0.0000    7.5000   22.500017581.7969    7.6907
    7.5000    7.5000   22.500016538.0332    7.6970
   -7.5000   15.0000   22.500015887.6943    7.7583
    0.0000   15.0000   22.500017041.2422    7.7626
    7.5000   15.0000   22.500015941.0801    7.7702
   -7.5000   22.5000   22.500015080.0811    7.8357
    0.0000   22.5000   22.500016111.5957    7.8394
    7.5000   22.5000   22.500015122.8262    7.8464
   -7.5000   30.0000   22.500014086.1826    7.8357
    0.0000   30.0000   22.500014959.2900    7.8383
    7.5000   30.0000   22.500014111.1836    7.8432
   -7.5000   37.5000   22.500013588.1260    7.9439
    0.0000   37.5000   22.500014402.8711    7.9459
    7.5000   37.5000   22.500013595.5459    7.9489
   -7.5000   45.0000   22.500012642.2246    7.8841
    0.0000   45.0000   22.500013369.2891    7.8868
    7.5000   45.0000   22.500012625.4102    7.8900
   -7.5000  -45.0000   30.000010380.0283    8.0471
    0.0000  -45.0000   30.000010922.6426    8.0502
    7.5000  -45.0000   30.000010416.7744    8.0549
   -7.5000  -37.5000   30.000010930.6074    7.9404
    0.0000  -37.5000   30.000011504.2695    7.9441
    7.5000  -37.5000   30.000010967.5107    7.9504
   -7.5000  -30.0000   30.000012005.1621    7.8140
    0.0000  -30.0000   30.000012635.6748    7.8175
    7.5000  -30.0000   30.000012036.2998    7.8259
   -7.5000  -22.5000   30.000013086.0771    7.7250
    0.0000  -22.5000   30.000013768.2480    7.7279
    7.5000  -22.5000   30.000013100.4717    7.7355
   -7.5000  -15.0000   30.000014126.5762    7.6740
    0.0000  -15.0000   30.000014878.4531    7.6766
    7.5000  -15.0000   30.000014160.8174    7.6824
   -7.5000   -7.5000   30.000015112.6084    7.6603
    0.0000   -7.5000   30.000015954.0576    7.6628
    7.5000   -7.5000   30.000015155.0205    7.6669
   -7.5000    0.0000   30.000015966.2432    7.6563
    0.0000    0.0000   30.000016895.3613    7.6589
    7.5000    0.0000   30.000016013.9678    7.6632
   -7.5000    7.5000   30.000015545.4004    7.7063
    0.0000    7.5000   30.000016504.3125    7.7097
    7.5000    7.5000   30.000015594.6719    7.7160
   -7.5000   15.0000   30.000014939.1406    7.7775
    0.0000   15.0000   30.000015904.4443    7.7812
    7.5000   15.0000   30.000015003.1240    7.7892
   -7.5000   22.5000   30.000014156.5322    7.8527
    0.0000   22.5000   30.000014997.4434    7.8561
    7.5000   22.5000   30.000014200.1680    7.8634
   -7.5000   30.0000   30.000013244.8271    7.8504
    0.0000   30.0000   30.000013969.2676    7.8532
    7.5000   30.0000   30.000013259.6982    7.8579
   -7.5000   37.5000   30.000012814.7617    7.9575
    0.0000   37.5000   30.000013523.7568    7.9602
    7.5000   37.5000   30.000012822.5186    7.9628
   -7.5000   45.0000   30.000011936.5928    7.8979
    0.0000   45.0000   30.000012584.3516    7.9012
    7.5000   45.0000   30.000011920.1006    7.9041
   -7.5000  -45.0000   37.500010160.1699    8.1284
    0.0000  -45.0000   37.500010681.2861    8.1319
    7.5000  -45.0000   37.500010212.6621    8.1340
   -7.5000  -37.5000   37.500010738.7510    8.0170
    0.0000  -37.5000   37.500011270.5908    8.0212
    7.5000  -37.5000   37.500010777.4600    8.0257
   -7.5000  -30.0000   37.500011816.8242    7.8879
    0.0000  -30.0000   37.500012389.5811    7.8921
    7.5000  -30.0000   37.500011840.6006    7.8989
   -7.5000  -22.5000   37.500012884.5068    7.7987
    0.0000  -22.5000   37.500013502.2305    7.8023
    7.5000  -22.5000   37.500012890.2939    7.8079
   -7.5000  -15.0000   37.500013860.9365    7.7486
    0.0000  -15.0000   37.500014531.3027    7.7517
    7.5000  -15.0000   37.500013865.4434    7.7547
   -7.5000   -7.5000   37.500014771.2910    7.7348
    0.0000   -7.5000   37.500015513.6973    7.7379
    7.5000   -7.5000   37.500014767.0986    7.7392
   -7.5000    0.0000   37.500015528.0312    7.7297
    0.0000    0.0000   37.500016364.6543    7.7328
    7.5000    0.0000   37.500015546.5449    7.7347
   -7.5000    7.5000   37.500015077.6562    7.7787
    0.0000    7.5000   37.500015934.5957    7.7826
    7.5000    7.5000   37.500015150.6025    7.7872
   -7.5000   15.0000   37.500014511.2324    7.8492
    0.0000   15.0000   37.500015323.1445    7.8536
    7.5000   15.0000   37.500014574.9053    7.8601
   -7.5000   22.5000   37.500013775.2783    7.9256
    0.0000   22.5000   37.500014481.5918    7.9297
    7.5000   22.5000   37.500013801.6104    7.9349
   -7.5000   30.0000   37.500012908.9668    7.9250
    0.0000   30.0000   37.500013539.2266    7.9284
    7.5000   30.0000   37.500012915.0557    7.9303
   -7.5000   37.5000   37.500012475.5820    8.0343
    0.0000   37.5000   37.500013116.3760    8.0376
    7.5000   37.5000   37.500012496.5479    8.0371
   -7.5000   45.0000   37.500011596.6035    7.9746
    0.0000   45.0000   37.500012190.6670    7.9784
    7.5000   45.0000   37.500011603.9424    7.9789
   -7.5000  -45.0000   45.0000 9507.6240    8.2066
    0.0000  -45.0000   45.0000 9960.9004    8.2107
    7.5000  -45.0000   45.0000 9540.4961    8.2117
   -7.5000  -37.5000   45.000010024.0166    8.0890
    0.0000  -37.5000   45.000010476.5742    8.0940
    7.5000  -37.5000   45.000010046.4316    8.0974
   -7.5000  -30.0000   45.000010997.7529    7.9573
    0.0000  -30.0000   45.000011496.4521    7.9626
    7.5000  -30.0000   45.000011019.7686    7.9680
   -7.5000  -22.5000   45.000011952.8730    7.8681
    0.0000  -22.5000   45.000012498.7734    7.8727
    7.5000  -22.5000   45.000011970.5283    7.8766
   -7.5000  -15.0000   45.000012828.2930    7.8189
    0.0000  -15.0000   45.000013417.4678    7.8228
    7.5000  -15.0000   45.000012838.8135    7.8241
   -7.5000   -7.5000   45.000013631.4824    7.8048
    0.0000   -7.5000   45.000014277.7988    7.8085
    7.5000   -7.5000   45.000013627.2129    7.8084
   -7.5000    0.0000   45.000014307.9209    7.7979
    0.0000    0.0000   45.000015026.1768    7.8015
    7.5000    0.0000   45.000014341.9346    7.8023
   -7.5000    7.5000   45.000013915.1240    7.8457
    0.0000    7.5000   45.000014620.7090    7.8503
    7.5000    7.5000   45.000013975.1914    7.8536
   -7.5000   15.0000   45.000013403.7441    7.9160
    0.0000   15.0000   45.000014063.1562    7.9215
    7.5000   15.0000   45.000013451.3457    7.9266
   -7.5000   22.5000   45.000012713.0869    7.9947
    0.0000   22.5000   45.000013305.8076    7.9998
    7.5000   22.5000   45.000012728.5996    8.0032
   -7.5000   30.0000   45.000011899.9863    7.9955
    0.0000   30.0000   45.000012438.3857    7.9998
    7.5000   30.0000   45.000011907.3916    7.9998
   -7.5000   37.5000   45.000011494.9902    8.1062
    0.0000   37.5000   45.000012022.5586    8.1098
    7.5000   37.5000   45.000011497.4492    8.1076
   -7.5000   45.0000   45.000010669.5762    8.0492
    0.0000   45.0000   45.000011149.5352    8.0532
    7.5000   45.0000   45.000010662.4980    8.0524

---------------------------------------------------------------------
imgreg_4dfp /usr/local/freesurfer/stable5_1_0/average/711-2C_as_mni_average_305 /usr/local/freesurfer/stable5_1_0/average/711-2B_as_mni_average_305_mask talsrcimg_g11 none talsrcimg_to_711-2C_as_mni_average_305_t4 4355
---------------------------------------------------------------------

$Id: imgreg_4dfp.c,v 1.4 2010/02/27 01:41:53 nicks Exp $
/usr/local/freesurfer/stable5_1_0/average/711-2C_as_mni_average_305.4dfp.img
       256       256       256         1
  1.000000  1.000000  1.000000
orientation T byte_order littleendian
Reading image: /usr/local/freesurfer/stable5_1_0/average/711-2C_as_mni_average_305.4dfp.img
dimensions:      256       256       256
mmppix:       1.0000   -1.0000   -1.0000
center:     128.0000 -129.0000 -129.0000
/usr/local/freesurfer/stable5_1_0/average/711-2B_as_mni_average_305_mask.4dfp.img
       256       256       256         1
  1.000000  1.000000  1.000000
orientation T byte_order littleendian
Reading mask: /usr/local/freesurfer/stable5_1_0/average/711-2B_as_mni_average_305_mask.4dfp.img (2306576 pixels)
talsrcimg_g11.4dfp.img
       256       256       256         1
  1.000000  1.000000  1.000000
orientation T byte_order littleendian
Reading image: talsrcimg_g11.4dfp.img
dimensions:      256       256       256
mmppix:       1.0000   -1.0000   -1.0000
center:     128.0000 -129.0000 -129.0000
rotation matrix determinant  1.000000
image alignment mode   4355 decimal     1103 hex
   -7.5000  -45.0000  -45.0000 2175.6968   12.0800
    0.0000  -45.0000  -45.0000 2185.0581   11.8697
    7.5000  -45.0000  -45.0000 2181.4014   11.8442
   -7.5000  -37.5000  -45.0000 2211.5876   11.3672
    0.0000  -37.5000  -45.0000 2225.6804   11.2030
    7.5000  -37.5000  -45.0000 2217.8855   11.1873
   -7.5000  -30.0000  -45.0000 2244.1748   10.7514
    0.0000  -30.0000  -45.0000 2259.4075   10.6398
    7.5000  -30.0000  -45.0000 2249.0896   10.6178
   -7.5000  -22.5000  -45.0000 2274.0339   10.2759
    0.0000  -22.5000  -45.0000 2293.3953   10.1828
    7.5000  -22.5000  -45.0000 2283.6018   10.1477
   -7.5000  -15.0000  -45.0000 2304.6431    9.9281
    0.0000  -15.0000  -45.0000 2324.2219    9.8314
    7.5000  -15.0000  -45.0000 2315.6372    9.7910
   -7.5000   -7.5000  -45.0000 2329.9360    9.6887
    0.0000   -7.5000  -45.0000 2346.1694    9.5830
    7.5000   -7.5000  -45.0000 2341.4734    9.5633
   -7.5000    0.0000  -45.0000 2348.8447    9.5351
    0.0000    0.0000  -45.0000 2363.1721    9.4409
    7.5000    0.0000  -45.0000 2357.9565    9.4426
   -7.5000    7.5000  -45.0000 2362.1750    9.4407
    0.0000    7.5000  -45.0000 2380.4507    9.3467
    7.5000    7.5000  -45.0000 2368.7876    9.3674
   -7.5000   15.0000  -45.0000 2364.6365    9.4033
    0.0000   15.0000  -45.0000 2385.8508    9.3221
    7.5000   15.0000  -45.0000 2370.5134    9.3334
   -7.5000   22.5000  -45.0000 2360.3484    9.4667
    0.0000   22.5000  -45.0000 2381.7402    9.3776
    7.5000   22.5000  -45.0000 2364.2124    9.3949
   -7.5000   30.0000  -45.0000 2338.4949    9.6916
    0.0000   30.0000  -45.0000 2360.4805    9.5913
    7.5000   30.0000  -45.0000 2344.9033    9.5884
   -7.5000   37.5000  -45.0000 2303.9390   10.0894
    0.0000   37.5000  -45.0000 2324.6521    9.9724
    7.5000   37.5000  -45.0000 2310.8953    9.9865
   -7.5000   45.0000  -45.0000 2252.3267   10.6611
    0.0000   45.0000  -45.0000 2275.1628   10.5837
    7.5000   45.0000  -45.0000 2257.8142   10.5680
   -7.5000  -45.0000  -37.5000 2253.7910   11.1841
    0.0000  -45.0000  -37.5000 2266.1160   11.0392
    7.5000  -45.0000  -37.5000 2261.8767   11.0014
   -7.5000  -37.5000  -37.5000 2285.5769   10.5078
    0.0000  -37.5000  -37.5000 2302.7737   10.3958
    7.5000  -37.5000  -37.5000 2296.0608   10.3641
   -7.5000  -30.0000  -37.5000 2320.6926    9.9533
    0.0000  -30.0000  -37.5000 2341.4993    9.8686
    7.5000  -30.0000  -37.5000 2332.2581    9.8415
   -7.5000  -22.5000  -37.5000 2358.2876    9.5250
    0.0000  -22.5000  -37.5000 2378.4736    9.4478
    7.5000  -22.5000  -37.5000 2371.1746    9.4096
   -7.5000  -15.0000  -37.5000 2394.2366    9.2106
    0.0000  -15.0000  -37.5000 2409.4727    9.1159
    7.5000  -15.0000  -37.5000 2407.9910    9.0766
   -7.5000   -7.5000  -37.5000 2425.8196    8.9643
    0.0000   -7.5000  -37.5000 2445.2678    8.8701
    7.5000   -7.5000  -37.5000 2437.5662    8.8619
   -7.5000    0.0000  -37.5000 2449.8223    8.8095
    0.0000    0.0000  -37.5000 2471.3059    8.7109
    7.5000    0.0000  -37.5000 2458.4006    8.7251
   -7.5000    7.5000  -37.5000 2462.5063    8.6979
    0.0000    7.5000  -37.5000 2485.7925    8.6055
    7.5000    7.5000  -37.5000 2468.1101    8.6422
   -7.5000   15.0000  -37.5000 2466.6135    8.6662
    0.0000   15.0000  -37.5000 2489.1877    8.5707
    7.5000   15.0000  -37.5000 2469.6387    8.6104
   -7.5000   22.5000  -37.5000 2464.9849    8.7187
    0.0000   22.5000  -37.5000 2484.1938    8.6182
    7.5000   22.5000  -37.5000 2468.9331    8.6513
   -7.5000   30.0000  -37.5000 2445.9800    8.9275
    0.0000   30.0000  -37.5000 2468.7441    8.8238
    7.5000   30.0000  -37.5000 2452.1455    8.8496
   -7.5000   37.5000  -37.5000 2408.8921    9.2898
    0.0000   37.5000  -37.5000 2433.3025    9.1838
    7.5000   37.5000  -37.5000 2418.1641    9.2145
   -7.5000   45.0000  -37.5000 2353.5156    9.8090
    0.0000   45.0000  -37.5000 2378.7854    9.7271
    7.5000   45.0000  -37.5000 2359.2322    9.7457
   -7.5000  -45.0000  -30.0000 2368.5442   10.7899
    0.0000  -45.0000  -30.0000 2387.8196   10.6465
    7.5000  -45.0000  -30.0000 2381.1165   10.6106
   -7.5000  -37.5000  -30.0000 2400.2314   10.1241
    0.0000  -37.5000  -30.0000 2419.7119   10.0023
    7.5000  -37.5000  -30.0000 2414.0522    9.9833
   -7.5000  -30.0000  -30.0000 2443.6389    9.5746
    0.0000  -30.0000  -30.0000 2465.8088    9.4798
    7.5000  -30.0000  -30.0000 2458.2524    9.4571
   -7.5000  -22.5000  -30.0000 2495.0720    9.1476
    0.0000  -22.5000  -30.0000 2516.9668    9.0601
    7.5000  -22.5000  -30.0000 2507.2981    9.0396
   -7.5000  -15.0000  -30.0000 2534.1724    8.8180
    0.0000  -15.0000  -30.0000 2557.7346    8.7331
    7.5000  -15.0000  -30.0000 2548.9910    8.7114
   -7.5000   -7.5000  -30.0000 2572.6658    8.5845
    0.0000   -7.5000  -30.0000 2594.9353    8.4840
    7.5000   -7.5000  -30.0000 2582.9285    8.4842
   -7.5000    0.0000  -30.0000 2599.4009    8.4197
    0.0000    0.0000  -30.0000 2619.0059    8.3121
    7.5000    0.0000  -30.0000 2605.4429    8.3362
   -7.5000    7.5000  -30.0000 2612.9219    8.3105
    0.0000    7.5000  -30.0000 2636.1362    8.2118
    7.5000    7.5000  -30.0000 2622.0356    8.2446
   -7.5000   15.0000  -30.0000 2617.7166    8.2883
    0.0000   15.0000  -30.0000 2639.8347    8.1886
    7.5000   15.0000  -30.0000 2626.8611    8.2283
   -7.5000   22.5000  -30.0000 2614.7874    8.3510
    0.0000   22.5000  -30.0000 2633.1255    8.2486
    7.5000   22.5000  -30.0000 2621.6743    8.2910
   -7.5000   30.0000  -30.0000 2596.1448    8.5505
    0.0000   30.0000  -30.0000 2618.3098    8.4439
    7.5000   30.0000  -30.0000 2601.2119    8.5020
   -7.5000   37.5000  -30.0000 2561.9377    8.8896
    0.0000   37.5000  -30.0000 2582.6460    8.7890
    7.5000   37.5000  -30.0000 2566.6736    8.8436
   -7.5000   45.0000  -30.0000 2501.0195    9.3733
    0.0000   45.0000  -30.0000 2525.0315    9.2748
    7.5000   45.0000  -30.0000 2503.6033    9.3330
   -7.5000  -45.0000  -22.5000 2462.2439   10.3163
    0.0000  -45.0000  -22.5000 2484.7764   10.1906
    7.5000  -45.0000  -22.5000 2475.9788   10.1391
   -7.5000  -37.5000  -22.5000 2501.4009    9.6601
    0.0000  -37.5000  -22.5000 2527.7405    9.5614
    7.5000  -37.5000  -22.5000 2519.8816    9.5197
   -7.5000  -30.0000  -22.5000 2550.5950    9.1237
    0.0000  -30.0000  -22.5000 2575.1345    9.0323
    7.5000  -30.0000  -22.5000 2569.8008    9.0113
   -7.5000  -22.5000  -22.5000 2604.8992    8.7024
    0.0000  -22.5000  -22.5000 2630.9961    8.6154
    7.5000  -22.5000  -22.5000 2622.8186    8.6150
   -7.5000  -15.0000  -22.5000 2648.4446    8.3800
    0.0000  -15.0000  -22.5000 2674.8584    8.2854
    7.5000  -15.0000  -22.5000 2664.4272    8.2867
   -7.5000   -7.5000  -22.5000 2691.4285    8.1433
    0.0000   -7.5000  -22.5000 2716.8306    8.0481
    7.5000   -7.5000  -22.5000 2700.4138    8.0685
   -7.5000    0.0000  -22.5000 2721.2817    7.9897
    0.0000    0.0000  -22.5000 2743.8503    7.8894
    7.5000    0.0000  -22.5000 2726.9563    7.9158
   -7.5000    7.5000  -22.5000 2737.8010    7.8947
    0.0000    7.5000  -22.5000 2760.0500    7.8028
    7.5000    7.5000  -22.5000 2747.2297    7.8261
   -7.5000   15.0000  -22.5000 2741.6055    7.8741
    0.0000   15.0000  -22.5000 2761.7676    7.7688
    7.5000   15.0000  -22.5000 2748.9355    7.7951
   -7.5000   22.5000  -22.5000 2735.3274    7.9291
    0.0000   22.5000  -22.5000 2756.2922    7.8353
    7.5000   22.5000  -22.5000 2743.3862    7.8694
   -7.5000   30.0000  -22.5000 2717.0347    8.1306
    0.0000   30.0000  -22.5000 2741.7524    8.0383
    7.5000   30.0000  -22.5000 2726.5215    8.0828
   -7.5000   37.5000  -22.5000 2683.8140    8.4486
    0.0000   37.5000  -22.5000 2708.1213    8.3541
    7.5000   37.5000  -22.5000 2689.4705    8.4117
   -7.5000   45.0000  -22.5000 2624.2239    8.9049
    0.0000   45.0000  -22.5000 2647.6406    8.7891
    7.5000   45.0000  -22.5000 2626.3047    8.8607
   -7.5000  -45.0000  -15.0000 2539.0952    9.8575
    0.0000  -45.0000  -15.0000 2563.0010    9.7361
    7.5000  -45.0000  -15.0000 2556.3455    9.7112
   -7.5000  -37.5000  -15.0000 2585.8013    9.2255
    0.0000  -37.5000  -15.0000 2613.8594    9.1205
    7.5000  -37.5000  -15.0000 2603.7227    9.1063
   -7.5000  -30.0000  -15.0000 2638.4116    8.7138
    0.0000  -30.0000  -15.0000 2663.9805    8.6194
    7.5000  -30.0000  -15.0000 2654.9839    8.6177
   -7.5000  -22.5000  -15.0000 2693.8704    8.3075
    0.0000  -22.5000  -15.0000 2721.3655    8.2105
    7.5000  -22.5000  -15.0000 2709.3296    8.2122
   -7.5000  -15.0000  -15.0000 2737.7341    7.9819
    0.0000  -15.0000  -15.0000 2764.5178    7.8917
    7.5000  -15.0000  -15.0000 2752.7732    7.9016
   -7.5000   -7.5000  -15.0000 2777.0813    7.7474
    0.0000   -7.5000  -15.0000 2801.2302    7.6631
    7.5000   -7.5000  -15.0000 2789.3789    7.6764
   -7.5000    0.0000  -15.0000 2802.2014    7.5956
    0.0000    0.0000  -15.0000 2826.2883    7.5133
    7.5000    0.0000  -15.0000 2814.2866    7.5335
   -7.5000    7.5000  -15.0000 2821.6860    7.5040
    0.0000    7.5000  -15.0000 2847.9089    7.4172
    7.5000    7.5000  -15.0000 2832.0579    7.4367
   -7.5000   15.0000  -15.0000 2828.0840    7.4661
    0.0000   15.0000  -15.0000 2858.4458    7.3709
    7.5000   15.0000  -15.0000 2839.0642    7.3925
   -7.5000   22.5000  -15.0000 2826.7170    7.5195
    0.0000   22.5000  -15.0000 2852.8831    7.4301
    7.5000   22.5000  -15.0000 2835.6848    7.4603
   -7.5000   30.0000  -15.0000 2810.5623    7.7086
    0.0000   30.0000  -15.0000 2836.2212    7.6181
    7.5000   30.0000  -15.0000 2820.4250    7.6588
   -7.5000   37.5000  -15.0000 2776.9111    8.0113
    0.0000   37.5000  -15.0000 2802.0657    7.9125
    7.5000   37.5000  -15.0000 2785.3049    7.9681
   -7.5000   45.0000  -15.0000 2714.8354    8.4386
    0.0000   45.0000  -15.0000 2739.3359    8.3252
    7.5000   45.0000  -15.0000 2721.0811    8.3897
   -7.5000  -45.0000   -7.5000 2599.7563    9.4865
    0.0000  -45.0000   -7.5000 2624.4060    9.3556
    7.5000  -45.0000   -7.5000 2620.4072    9.3421
   -7.5000  -37.5000   -7.5000 2650.2122    8.8596
    0.0000  -37.5000   -7.5000 2672.2749    8.7485
    7.5000  -37.5000   -7.5000 2667.1824    8.7459
   -7.5000  -30.0000   -7.5000 2701.2339    8.3610
    0.0000  -30.0000   -7.5000 2726.1372    8.2554
    7.5000  -30.0000   -7.5000 2715.3198    8.2709
   -7.5000  -22.5000   -7.5000 2754.3350    7.9505
    0.0000  -22.5000   -7.5000 2781.6506    7.8522
    7.5000  -22.5000   -7.5000 2766.9565    7.8652
   -7.5000  -15.0000   -7.5000 2797.4624    7.6414
    0.0000  -15.0000   -7.5000 2824.6702    7.5335
    7.5000  -15.0000   -7.5000 2811.1768    7.5481
   -7.5000   -7.5000   -7.5000 2831.3352    7.4153
    0.0000   -7.5000   -7.5000 2858.9414    7.3055
    7.5000   -7.5000   -7.5000 2846.4399    7.3180
   -7.5000    0.0000   -7.5000 2855.0908    7.2475
    0.0000    0.0000   -7.5000 2883.9236    7.1542
    7.5000    0.0000   -7.5000 2872.3896    7.1725
   -7.5000    7.5000   -7.5000 2875.9341    7.1477
    0.0000    7.5000   -7.5000 2904.6099    7.0643
    7.5000    7.5000   -7.5000 2891.7358    7.0804
   -7.5000   15.0000   -7.5000 2887.9294    7.1062
    0.0000   15.0000   -7.5000 2921.1836    7.0147
    7.5000   15.0000   -7.5000 2905.4863    7.0505
   -7.5000   22.5000   -7.5000 2892.8337    7.1405
    0.0000   22.5000   -7.5000 2923.6462    7.0369
    7.5000   22.5000   -7.5000 2904.3303    7.1014
   -7.5000   30.0000   -7.5000 2878.5874    7.3169
    0.0000   30.0000   -7.5000 2902.9565    7.2151
    7.5000   30.0000   -7.5000 2886.5229    7.2827
   -7.5000   37.5000   -7.5000 2842.0383    7.6270
    0.0000   37.5000   -7.5000 2870.2468    7.5079
    7.5000   37.5000   -7.5000 2853.9131    7.5740
   -7.5000   45.0000   -7.5000 2778.0344    8.0277
    0.0000   45.0000   -7.5000 2807.4504    7.9061
    7.5000   45.0000   -7.5000 2789.4592    7.9840
   -7.5000  -45.0000    0.0000 2644.5459    9.2379
    0.0000  -45.0000    0.0000 2670.0706    9.0982
    7.5000  -45.0000    0.0000 2666.1719    9.0707
   -7.5000  -37.5000    0.0000 2693.7524    8.6281
    0.0000  -37.5000    0.0000 2715.8596    8.4982
    7.5000  -37.5000    0.0000 2710.0205    8.4923
   -7.5000  -30.0000    0.0000 2746.0076    8.1238
    0.0000  -30.0000    0.0000 2768.8201    8.0155
    7.5000  -30.0000    0.0000 2760.0310    8.0229
   -7.5000  -22.5000    0.0000 2792.1531    7.7058
    0.0000  -22.5000    0.0000 2816.6699    7.6025
    7.5000  -22.5000    0.0000 2808.4221    7.6147
   -7.5000  -15.0000    0.0000 2831.5835    7.3846
    0.0000  -15.0000    0.0000 2855.2141    7.2738
    7.5000  -15.0000    0.0000 2847.6353    7.2863
   -7.5000   -7.5000    0.0000 2862.0112    7.1469
    0.0000   -7.5000    0.0000 2887.2349    7.0433
    7.5000   -7.5000    0.0000 2878.2146    7.0476
   -7.5000    0.0000    0.0000 2885.7849    6.9797
    0.0000    0.0000    0.0000 2915.6284    6.8920
    7.5000    0.0000    0.0000 2905.4224    6.8951
   -7.5000    7.5000    0.0000 2907.9197    6.8853
    0.0000    7.5000    0.0000 2938.6038    6.8052
    7.5000    7.5000    0.0000 2925.4370    6.8130
   -7.5000   15.0000    0.0000 2927.0308    6.8688
    0.0000   15.0000    0.0000 2953.5544    6.7796
    7.5000   15.0000    0.0000 2941.8181    6.7990
   -7.5000   22.5000    0.0000 2937.3889    6.9233
    0.0000   22.5000    0.0000 2964.8777    6.8098
    7.5000   22.5000    0.0000 2944.6360    6.8676
   -7.5000   30.0000    0.0000 2925.0740    7.0799
    0.0000   30.0000    0.0000 2952.1123    6.9558
    7.5000   30.0000    0.0000 2931.9365    7.0495
   -7.5000   37.5000    0.0000 2891.4846    7.3673
    0.0000   37.5000    0.0000 2919.0244    7.2542
    7.5000   37.5000    0.0000 2897.2266    7.3267
   -7.5000   45.0000    0.0000 2826.6924    7.7520
    0.0000   45.0000    0.0000 2860.7100    7.6415
    7.5000   45.0000    0.0000 2834.0635    7.7112
   -7.5000  -45.0000    7.5000 2682.7817    9.0709
    0.0000  -45.0000    7.5000 2704.2456    8.9223
    7.5000  -45.0000    7.5000 2703.2891    8.8894
   -7.5000  -37.5000    7.5000 2724.5388    8.4529
    0.0000  -37.5000    7.5000 2745.5083    8.3310
    7.5000  -37.5000    7.5000 2740.2646    8.3080
   -7.5000  -30.0000    7.5000 2769.8545    7.9476
    0.0000  -30.0000    7.5000 2791.8159    7.8576
    7.5000  -30.0000    7.5000 2785.8474    7.8369
   -7.5000  -22.5000    7.5000 2812.3896    7.5270
    0.0000  -22.5000    7.5000 2834.0769    7.4355
    7.5000  -22.5000    7.5000 2827.4368    7.4256
   -7.5000  -15.0000    7.5000 2848.6060    7.2027
    0.0000  -15.0000    7.5000 2869.3665    7.1065
    7.5000  -15.0000    7.5000 2863.4753    7.0964
   -7.5000   -7.5000    7.5000 2879.7935    6.9655
    0.0000   -7.5000    7.5000 2900.5579    6.8812
    7.5000   -7.5000    7.5000 2892.9246    6.8677
   -7.5000    0.0000    7.5000 2907.1418    6.8169
    0.0000    0.0000    7.5000 2927.6638    6.7273
    7.5000    0.0000    7.5000 2920.5447    6.7223
   -7.5000    7.5000    7.5000 2930.4316    6.7506
    0.0000    7.5000    7.5000 2948.2739    6.6684
    7.5000    7.5000    7.5000 2940.9463    6.6749
   -7.5000   15.0000    7.5000 2952.6165    6.7757
    0.0000   15.0000    7.5000 2970.9341    6.7123
    7.5000   15.0000    7.5000 2962.4102    6.7036
   -7.5000   22.5000    7.5000 2968.4543    6.8595
    0.0000   22.5000    7.5000 3000.4805    6.8227
    7.5000   22.5000    7.5000 2974.8760    6.8000
   -7.5000   30.0000    7.5000 2958.8787    6.9926
    0.0000   30.0000    7.5000 3000.0752    6.9425
    7.5000   30.0000    7.5000 2964.2629    6.9642
   -7.5000   37.5000    7.5000 2922.3064    7.2190
    0.0000   37.5000    7.5000 2964.5098    7.1681
    7.5000   37.5000    7.5000 2927.4695    7.1843
   -7.5000   45.0000    7.5000 2853.8701    7.5804
    0.0000   45.0000    7.5000 2890.9727    7.5171
    7.5000   45.0000    7.5000 2860.2043    7.5446
   -7.5000  -45.0000   15.0000 2700.0471    8.9668
    0.0000  -45.0000   15.0000 2724.1738    8.8291
    7.5000  -45.0000   15.0000 2722.7681    8.7836
   -7.5000  -37.5000   15.0000 2738.8164    8.3634
    0.0000  -37.5000   15.0000 2765.2495    8.2297
    7.5000  -37.5000   15.0000 2761.8291    8.2131
   -7.5000  -30.0000   15.0000 2782.1699    7.8484
    0.0000  -30.0000   15.0000 2805.9790    7.7434
    7.5000  -30.0000   15.0000 2802.4180    7.7310
   -7.5000  -22.5000   15.0000 2819.1653    7.4192
    0.0000  -22.5000   15.0000 2840.7627    7.3209
    7.5000  -22.5000   15.0000 2835.0317    7.3152
   -7.5000  -15.0000   15.0000 2850.0002    7.0901
    0.0000  -15.0000   15.0000 2867.5708    6.9986
    7.5000  -15.0000   15.0000 2863.0298    6.9888
   -7.5000   -7.5000   15.0000 2878.6064    6.8684
    0.0000   -7.5000   15.0000 2894.1875    6.7918
    7.5000   -7.5000   15.0000 2887.7634    6.7901
   -7.5000    0.0000   15.0000 2904.8254    6.7592
    0.0000    0.0000   15.0000 2920.6841    6.6957
    7.5000    0.0000   15.0000 2914.8396    6.6992
   -7.5000    7.5000   15.0000 2937.1746    6.7268
    0.0000    7.5000   15.0000 2955.8225    6.6920
    7.5000    7.5000   15.0000 2943.9561    6.6919
   -7.5000   15.0000   15.0000 2957.9639    6.7674
    0.0000   15.0000   15.0000 2986.8738    6.7672
    7.5000   15.0000   15.0000 2967.0103    6.7359
   -7.5000   22.5000   15.0000 2974.3760    6.8522
    0.0000   22.5000   15.0000 3013.3811    6.8919
    7.5000   22.5000   15.0000 2981.6143    6.8299
   -7.5000   30.0000   15.0000 2963.0103    6.9809
    0.0000   30.0000   15.0000 3014.2207    6.9805
    7.5000   30.0000   15.0000 2973.2500    6.9650
   -7.5000   37.5000   15.0000 2929.1421    7.1866
    0.0000   37.5000   15.0000 2970.8928    7.1482
    7.5000   37.5000   15.0000 2932.8750    7.1761
   -7.5000   45.0000   15.0000 2858.4731    7.5601
    0.0000   45.0000   15.0000 2891.6487    7.4939
    7.5000   45.0000   15.0000 2861.5923    7.5481
   -7.5000  -45.0000   22.5000 2704.4219    8.9338
    0.0000  -45.0000   22.5000 2734.1013    8.7697
    7.5000  -45.0000   22.5000 2726.6047    8.7407
   -7.5000  -37.5000   22.5000 2739.6868    8.3096
    0.0000  -37.5000   22.5000 2770.0396    8.1650
    7.5000  -37.5000   22.5000 2761.8945    8.1546
   -7.5000  -30.0000   22.5000 2778.6216    7.8141
    0.0000  -30.0000   22.5000 2808.5623    7.6865
    7.5000  -30.0000   22.5000 2800.8765    7.6966
   -7.5000  -22.5000   22.5000 2810.1396    7.4133
    0.0000  -22.5000   22.5000 2835.1833    7.3035
    7.5000  -22.5000   22.5000 2826.7361    7.3217
   -7.5000  -15.0000   22.5000 2839.9414    7.1104
    0.0000  -15.0000   22.5000 2857.9485    7.0300
    7.5000  -15.0000   22.5000 2848.0425    7.0497
   -7.5000   -7.5000   22.5000 2867.4939    6.9220
    0.0000   -7.5000   22.5000 2882.9644    6.8770
    7.5000   -7.5000   22.5000 2873.9324    6.8937
   -7.5000    0.0000   22.5000 2897.0894    6.8353
    0.0000    0.0000   22.5000 2913.1450    6.7929
    7.5000    0.0000   22.5000 2902.9866    6.8167
   -7.5000    7.5000   22.5000 2926.8286    6.7995
    0.0000    7.5000   22.5000 2946.7065    6.7585
    7.5000    7.5000   22.5000 2934.3645    6.7839
   -7.5000   15.0000   22.5000 2952.2908    6.8279
    0.0000   15.0000   22.5000 2978.7139    6.7937
    7.5000   15.0000   22.5000 2962.2393    6.8090
   -7.5000   22.5000   22.5000 2972.0486    6.9073
    0.0000   22.5000   22.5000 3002.6470    6.8877
    7.5000   22.5000   22.5000 2976.2385    6.9001
   -7.5000   30.0000   22.5000 2961.3567    7.0290
    0.0000   30.0000   22.5000 2995.5659    6.9490
    7.5000   30.0000   22.5000 2963.6204    7.0414
   -7.5000   37.5000   22.5000 2917.9443    7.2840
    0.0000   37.5000   22.5000 2950.7583    7.1777
    7.5000   37.5000   22.5000 2921.6938    7.2844
   -7.5000   45.0000   22.5000 2840.5928    7.7012
    0.0000   45.0000   22.5000 2867.8232    7.5903
    7.5000   45.0000   22.5000 2847.2664    7.6814
   -7.5000  -45.0000   30.0000 2688.4116    8.9886
    0.0000  -45.0000   30.0000 2722.3499    8.8101
    7.5000  -45.0000   30.0000 2713.1406    8.7857
   -7.5000  -37.5000   30.0000 2724.4910    8.3732
    0.0000  -37.5000   30.0000 2750.3330    8.2152
    7.5000  -37.5000   30.0000 2745.5962    8.2269
   -7.5000  -30.0000   30.0000 2766.5630    7.9234
    0.0000  -30.0000   30.0000 2788.9253    7.7956
    7.5000  -30.0000   30.0000 2780.6196    7.8248
   -7.5000  -22.5000   30.0000 2801.7820    7.5668
    0.0000  -22.5000   30.0000 2818.4480    7.4522
    7.5000  -22.5000   30.0000 2808.3970    7.4958
   -7.5000  -15.0000   30.0000 2826.7200    7.2913
    0.0000  -15.0000   30.0000 2841.7166    7.1996
    7.5000  -15.0000   30.0000 2834.1414    7.2564
   -7.5000   -7.5000   30.0000 2852.8474    7.1053
    0.0000   -7.5000   30.0000 2866.9270    7.0315
    7.5000   -7.5000   30.0000 2859.4958    7.0882
   -7.5000    0.0000   30.0000 2880.0139    6.9859
    0.0000    0.0000   30.0000 2894.3271    6.9199
    7.5000    0.0000   30.0000 2887.7200    6.9732
   -7.5000    7.5000   30.0000 2907.1462    6.9292
    0.0000    7.5000   30.0000 2923.5049    6.8721
    7.5000    7.5000   30.0000 2915.6907    6.9188
   -7.5000   15.0000   30.0000 2933.6284    6.9613
    0.0000   15.0000   30.0000 2949.4873    6.9153
    7.5000   15.0000   30.0000 2937.3635    6.9482
   -7.5000   22.5000   30.0000 2947.0337    7.0538
    0.0000   22.5000   30.0000 2968.4351    6.9918
    7.5000   22.5000   30.0000 2945.0044    7.0476
   -7.5000   30.0000   30.0000 2934.4944    7.2053
    0.0000   30.0000   30.0000 2954.7664    7.0836
    7.5000   30.0000   30.0000 2930.7205    7.2032
   -7.5000   37.5000   30.0000 2885.8335    7.4998
    0.0000   37.5000   30.0000 2909.6216    7.3776
    7.5000   37.5000   30.0000 2889.3860    7.4766
   -7.5000   45.0000   30.0000 2805.1997    7.9386
    0.0000   45.0000   30.0000 2826.1311    7.8115
    7.5000   45.0000   30.0000 2809.7888    7.9025
   -7.5000  -45.0000   37.5000 2665.1086    9.2457
    0.0000  -45.0000   37.5000 2691.8489    9.0363
    7.5000  -45.0000   37.5000 2690.4795    9.0377
   -7.5000  -37.5000   37.5000 2706.2314    8.6647
    0.0000  -37.5000   37.5000 2723.9307    8.4712
    7.5000  -37.5000   37.5000 2724.1499    8.5064
   -7.5000  -30.0000   37.5000 2748.8052    8.2383
    0.0000  -30.0000   37.5000 2764.5991    8.0702
    7.5000  -30.0000   37.5000 2760.1362    8.1129
   -7.5000  -22.5000   37.5000 2786.3015    7.8799
    0.0000  -22.5000   37.5000 2800.6389    7.7285
    7.5000  -22.5000   37.5000 2794.5823    7.7897
   -7.5000  -15.0000   37.5000 2807.7656    7.5824
    0.0000  -15.0000   37.5000 2820.4673    7.4522
    7.5000  -15.0000   37.5000 2815.2102    7.5215
   -7.5000   -7.5000   37.5000 2829.0017    7.3712
    0.0000   -7.5000   37.5000 2841.2217    7.2550
    7.5000   -7.5000   37.5000 2833.3274    7.3170
   -7.5000    0.0000   37.5000 2851.9385    7.2306
    0.0000    0.0000   37.5000 2865.8484    7.1329
    7.5000    0.0000   37.5000 2856.2415    7.1940
   -7.5000    7.5000   37.5000 2874.4521    7.1745
    0.0000    7.5000   37.5000 2886.7791    7.0963
    7.5000    7.5000   37.5000 2879.3186    7.1606
   -7.5000   15.0000   37.5000 2895.5046    7.2166
    0.0000   15.0000   37.5000 2906.0879    7.1434
    7.5000   15.0000   37.5000 2893.5747    7.2110
   -7.5000   22.5000   37.5000 2902.1997    7.3312
    0.0000   22.5000   37.5000 2916.9897    7.2234
    7.5000   22.5000   37.5000 2894.2202    7.3188
   -7.5000   30.0000   37.5000 2882.6541    7.5181
    0.0000   30.0000   37.5000 2894.7495    7.3954
    7.5000   30.0000   37.5000 2877.0295    7.4841
   -7.5000   37.5000   37.5000 2829.2378    7.8414
    0.0000   37.5000   37.5000 2845.4141    7.7220
    7.5000   37.5000   37.5000 2829.8875    7.8093
   -7.5000   45.0000   37.5000 2748.1626    8.2936
    0.0000   45.0000   37.5000 2762.9333    8.1622
    7.5000   45.0000   37.5000 2748.6113    8.2414
   -7.5000  -45.0000   45.0000 2637.5308    9.6880
    0.0000  -45.0000   45.0000 2657.2329    9.4421
    7.5000  -45.0000   45.0000 2657.8770    9.4690
   -7.5000  -37.5000   45.0000 2678.9321    9.0838
    0.0000  -37.5000   45.0000 2690.9795    8.8493
    7.5000  -37.5000   45.0000 2692.4358    8.9071
   -7.5000  -30.0000   45.0000 2720.3672    8.6314
    0.0000  -30.0000   45.0000 2730.9253    8.4246
    7.5000  -30.0000   45.0000 2727.9592    8.4935
   -7.5000  -22.5000   45.0000 2753.9771    8.2619
    0.0000  -22.5000   45.0000 2764.9836    8.0840
    7.5000  -22.5000   45.0000 2760.3430    8.1504
   -7.5000  -15.0000   45.0000 2775.7810    7.9517
    0.0000  -15.0000   45.0000 2783.0024    7.7914
    7.5000  -15.0000   45.0000 2781.0022    7.8720
   -7.5000   -7.5000   45.0000 2796.1765    7.7161
    0.0000   -7.5000   45.0000 2803.6243    7.5817
    7.5000   -7.5000   45.0000 2796.0618    7.6533
   -7.5000    0.0000   45.0000 2813.6880    7.5653
    0.0000    0.0000   45.0000 2821.6938    7.4525
    7.5000    0.0000   45.0000 2813.6643    7.5204
   -7.5000    7.5000   45.0000 2829.7136    7.5201
    0.0000    7.5000   45.0000 2839.7295    7.4205
    7.5000    7.5000   45.0000 2831.7170    7.4989
   -7.5000   15.0000   45.0000 2842.1589    7.5697
    0.0000   15.0000   45.0000 2853.9104    7.4657
    7.5000   15.0000   45.0000 2841.0012    7.5543
   -7.5000   22.5000   45.0000 2839.4739    7.6982
    0.0000   22.5000   45.0000 2852.2659    7.5825
    7.5000   22.5000   45.0000 2832.9485    7.6731
   -7.5000   30.0000   45.0000 2811.6982    7.9207
    0.0000   30.0000   45.0000 2817.9324    7.8165
    7.5000   30.0000   45.0000 2802.3020    7.8873
   -7.5000   37.5000   45.0000 2754.5825    8.2731
    0.0000   37.5000   45.0000 2765.1182    8.1659
    7.5000   37.5000   45.0000 2750.1223    8.2287
   -7.5000   45.0000   45.0000 2676.2075    8.7470
    0.0000   45.0000   45.0000 2686.5791    8.6156
    7.5000   45.0000   45.0000 2674.2102    8.6771

---------------------------------------------------------------------
imgreg_4dfp /usr/local/freesurfer/stable5_1_0/average/711-2C_as_mni_average_305 /usr/local/freesurfer/stable5_1_0/average/711-2B_as_mni_average_305_mask talsrcimg_g11 none talsrcimg_to_711-2C_as_mni_average_305_t4 1283
---------------------------------------------------------------------

$Id: imgreg_4dfp.c,v 1.4 2010/02/27 01:41:53 nicks Exp $
/usr/local/freesurfer/stable5_1_0/average/711-2C_as_mni_average_305.4dfp.img
       256       256       256         1
  1.000000  1.000000  1.000000
orientation T byte_order littleendian
Reading image: /usr/local/freesurfer/stable5_1_0/average/711-2C_as_mni_average_305.4dfp.img
dimensions:      256       256       256
mmppix:       1.0000   -1.0000   -1.0000
center:     128.0000 -129.0000 -129.0000
/usr/local/freesurfer/stable5_1_0/average/711-2B_as_mni_average_305_mask.4dfp.img
       256       256       256         1
  1.000000  1.000000  1.000000
orientation T byte_order littleendian
Reading mask: /usr/local/freesurfer/stable5_1_0/average/711-2B_as_mni_average_305_mask.4dfp.img (2306576 pixels)
talsrcimg_g11.4dfp.img
       256       256       256         1
  1.000000  1.000000  1.000000
orientation T byte_order littleendian
Reading image: talsrcimg_g11.4dfp.img
dimensions:      256       256       256
mmppix:       1.0000   -1.0000   -1.0000
center:     128.0000 -129.0000 -129.0000
rotation matrix determinant  1.000000
$Id: fimgreg.f,v 1.1 2007/05/04 22:33:59 nicks Exp $
image alignment mode   1283 decimal      503 hex
parameters
    0.0000   30.0000   15.0000    0.0000    0.0000    0.0000
eta,q 0.94479  7.00373
niter,ni,del,rscale     5    3   12.0000    1.2000
parameter  4 -3.568992 ->  0.500000 qaram    1.1500
parameters
    0.3962   27.3902   14.9063   -3.4500   -1.6872   -1.6829
eta,q 0.95009  6.90951
  0.0683  0.0560  0.0568  0.0475  0.0518  0.0517
  0.0620  0.0554  0.0550  0.0498  0.0504  0.0503
  0.0574  0.0557  0.0549  0.0525  0.0501  0.0499
  0.0562  0.0561  0.0554  0.0553  0.0505  0.0502
  0.0575  0.0570  0.0554  0.0571  0.0513  0.0512
  0.0604  0.0599  0.0555  0.0589  0.0526  0.0530
  0.0651  0.0652  0.0565  0.0607  0.0555  0.0550
niter,ni,del,rscale     5    3   12.0000    1.2000
parameter  4  3.114184 ->  0.500000 qaram    1.3225
parameters
    0.8981   28.6414   14.8747   -7.4175   -2.4732   -0.8061
eta,q 0.95551  6.88178
  0.0609  0.0585  0.0524  0.0431  0.0477  0.0490
  0.0563  0.0549  0.0499  0.0443  0.0456  0.0468
  0.0521  0.0517  0.0491  0.0462  0.0446  0.0454
  0.0499  0.0498  0.0493  0.0493  0.0448  0.0446
  0.0505  0.0494  0.0497  0.0534  0.0457  0.0447
  0.0536  0.0508  0.0505  0.0564  0.0472  0.0456
  0.0583  0.0538  0.0519  0.0587  0.0493  0.0470
niter,ni,del,rscale     5    3   12.0000    1.2000
parameter  4  0.970066 ->  0.500000 qaram    1.5209
parameters
    1.2897   29.9784   13.8201  -11.9801   -2.6581   -0.7466
eta,q 0.95958  6.84662
  0.0577  0.0534  0.0466  0.0399  0.0444  0.0437
  0.0522  0.0498  0.0447  0.0403  0.0423  0.0417
  0.0473  0.0467  0.0435  0.0411  0.0410  0.0406
  0.0445  0.0443  0.0435  0.0433  0.0404  0.0404
  0.0450  0.0435  0.0450  0.0471  0.0410  0.0406
  0.0492  0.0447  0.0469  0.0521  0.0426  0.0416
  0.0556  0.0486  0.0491  0.0556  0.0450  0.0436
niter,ni,del,rscale     5    3   12.0000    1.2000
parameter  4  0.592135 ->  0.500000 qaram    1.7490
parameters
    1.3420   31.3497   12.2941  -17.2272   -1.8177   -1.1838
eta,q 0.96329  6.83586
  0.0526  0.0503  0.0420  0.0386  0.0435  0.0402
  0.0468  0.0459  0.0403  0.0369  0.0402  0.0377
  0.0424  0.0425  0.0396  0.0376  0.0379  0.0368
  0.0404  0.0404  0.0398  0.0396  0.0368  0.0368
  0.0416  0.0398  0.0411  0.0423  0.0369  0.0371
  0.0460  0.0409  0.0433  0.0462  0.0379  0.0387
  0.0528  0.0445  0.0469  0.0513  0.0407  0.0414
niter,ni,del,rscale     5    3   12.0000    1.2000
parameters
    0.7608   33.1016   10.6397  -20.7090   -1.4758   -1.8580
eta,q 0.96615  6.86817
  0.0484  0.0482  0.0394  0.0383  0.0405  0.0377
  0.0414  0.0436  0.0358  0.0352  0.0370  0.0349
  0.0370  0.0394  0.0347  0.0340  0.0345  0.0338
  0.0367  0.0364  0.0358  0.0348  0.0340  0.0340
  0.0398  0.0358  0.0384  0.0384  0.0345  0.0350
  0.0459  0.0375  0.0420  0.0435  0.0359  0.0366
  0.0528  0.0399  0.0462  0.0478  0.0391  0.0394
niter,ni,del,rscale     4    3   12.0000    1.2000
parameters
    0.6810   34.2132    9.8434  -22.4314   -1.3194   -1.8808
eta,q 0.96788  6.85650
  0.0495  0.0450  0.0390  0.0390  0.0389  0.0379
  0.0410  0.0404  0.0347  0.0359  0.0352  0.0344
  0.0352  0.0366  0.0328  0.0326  0.0329  0.0325
  0.0338  0.0338  0.0332  0.0329  0.0321  0.0321
  0.0362  0.0333  0.0349  0.0349  0.0327  0.0331
  0.0421  0.0354  0.0380  0.0393  0.0347  0.0348
  0.0498  0.0398  0.0423  0.0458  0.0382  0.0376
niter,ni,del,rscale     3    3   12.0000    1.2000
parameters
    0.6407   34.5181    9.6069  -23.0747   -1.2371   -1.7812
eta,q 0.96821  6.85043
  0.0490  0.0432  0.0401  0.0400  0.0386  0.0380
  0.0400  0.0389  0.0349  0.0369  0.0351  0.0343
  0.0337  0.0347  0.0321  0.0336  0.0327  0.0322
  0.0321  0.0321  0.0320  0.0319  0.0318  0.0318
  0.0347  0.0329  0.0338  0.0339  0.0325  0.0327
  0.0407  0.0367  0.0365  0.0371  0.0347  0.0344
  0.0489  0.0421  0.0404  0.0434  0.0383  0.0372
niter,ni,del,rscale     2    3   12.0000    1.2000
parameters
    0.5851   34.6341    9.5484  -23.2358   -1.1844   -1.7441
eta,q 0.96829  6.85004
  0.0490  0.0428  0.0406  0.0405  0.0385  0.0378
  0.0398  0.0386  0.0351  0.0373  0.0350  0.0341
  0.0333  0.0343  0.0320  0.0340  0.0327  0.0321
  0.0318  0.0318  0.0317  0.0317  0.0317  0.0317
  0.0345  0.0330  0.0335  0.0334  0.0324  0.0327
  0.0407  0.0373  0.0362  0.0363  0.0348  0.0344
  0.0490  0.0428  0.0399  0.0422  0.0384  0.0372
niter,ni,del,rscale     1    3   12.0000    1.2000
parameters
    0.5533   34.6707    9.5397  -23.2740   -1.1544   -1.7318
eta,q 0.96831  6.85030
  0.0492  0.0426  0.0407  0.0406  0.0384  0.0377
  0.0399  0.0384  0.0352  0.0374  0.0350  0.0341
  0.0333  0.0341  0.0320  0.0341  0.0326  0.0320
  0.0317  0.0317  0.0317  0.0317  0.0317  0.0317
  0.0345  0.0331  0.0335  0.0333  0.0324  0.0327
  0.0407  0.0375  0.0360  0.0361  0.0348  0.0344
  0.0489  0.0431  0.0397  0.0419  0.0384  0.0372
registration optimization eta report
parameter search radius
    6.0000    6.0000    6.0000   10.4940    6.0000    6.0000
100000*second partial in parameter space
       48.       30.       24.        8.       19.       16.
  0.0492  0.0426  0.0407  0.0406  0.0384  0.0377
  0.0399  0.0384  0.0352  0.0374  0.0350  0.0341
  0.0333  0.0341  0.0320  0.0341  0.0326  0.0320
  0.0317  0.0317  0.0317  0.0317  0.0317  0.0317
  0.0345  0.0331  0.0335  0.0333  0.0324  0.0327
  0.0407  0.0375  0.0360  0.0361  0.0348  0.0344
  0.0489  0.0431  0.0397  0.0419  0.0384  0.0372
    0.5533   34.6707    9.5397  -23.2740   -1.1544   -1.7318
eta,q 0.96831  6.85030

---------------------------------------------------------------------
imgreg_4dfp /usr/local/freesurfer/stable5_1_0/average/711-2C_as_mni_average_305 /usr/local/freesurfer/stable5_1_0/average/711-2B_as_mni_average_305_mask talsrcimg_g11 none talsrcimg_to_711-2C_as_mni_average_305_t4 3335
---------------------------------------------------------------------

$Id: imgreg_4dfp.c,v 1.4 2010/02/27 01:41:53 nicks Exp $
/usr/local/freesurfer/stable5_1_0/average/711-2C_as_mni_average_305.4dfp.img
       256       256       256         1
  1.000000  1.000000  1.000000
orientation T byte_order littleendian
Reading image: /usr/local/freesurfer/stable5_1_0/average/711-2C_as_mni_average_305.4dfp.img
dimensions:      256       256       256
mmppix:       1.0000   -1.0000   -1.0000
center:     128.0000 -129.0000 -129.0000
/usr/local/freesurfer/stable5_1_0/average/711-2B_as_mni_average_305_mask.4dfp.img
       256       256       256         1
  1.000000  1.000000  1.000000
orientation T byte_order littleendian
Reading mask: /usr/local/freesurfer/stable5_1_0/average/711-2B_as_mni_average_305_mask.4dfp.img (2306576 pixels)
talsrcimg_g11.4dfp.img
       256       256       256         1
  1.000000  1.000000  1.000000
orientation T byte_order littleendian
Reading image: talsrcimg_g11.4dfp.img
dimensions:      256       256       256
mmppix:       1.0000   -1.0000   -1.0000
center:     128.0000 -129.0000 -129.0000
$Id: fimgreg.f,v 1.1 2007/05/04 22:33:59 nicks Exp $
image alignment mode   3335 decimal      D07 hex
parameters
    0.5533   34.6707    9.5397   -0.0660   -8.1553   -8.1561
    1.9805    3.0440   -3.0215   39.4389   -2.0146  -39.5049
eta,q 0.96853  6.89938
niter,ni,del,rscale     5    3    5.0000    1.2000
parameter  4  0.520265 ->  0.500000 qaram    1.1500
parameter  5  1.719992 ->  0.500000 qaram    1.1500
parameter 11  0.573374 ->  0.500000 qaram    1.1500
parameter 12 -0.592734 -> -0.500000 qaram    1.1500
parameters
    0.5331   35.4783    9.1679   -4.2060  -12.2953   -9.7291
    2.5822    1.6062   -3.7440   37.5384   -6.1546  -35.3649
eta,q 0.97317  6.72980
  0.0346  0.0346  0.0324  0.0313  0.0267  0.0293  0.0301  0.0301  0.0291  0.0289  0.0274  0.0296
  0.0329  0.0332  0.0316  0.0303  0.0274  0.0286  0.0290  0.0286  0.0283  0.0279  0.0272  0.0286
  0.0318  0.0321  0.0313  0.0301  0.0286  0.0280  0.0282  0.0278  0.0278  0.0275  0.0273  0.0278
  0.0315  0.0315  0.0312  0.0312  0.0302  0.0277  0.0278  0.0278  0.0277  0.0277  0.0275  0.0272
  0.0318  0.0312  0.0316  0.0334  0.0320  0.0282  0.0279  0.0287  0.0280  0.0285  0.0280  0.0269
  0.0330  0.0315  0.0323  0.0362  0.0342  0.0298  0.0285  0.0306  0.0287  0.0297  0.0286  0.0268
  0.0348  0.0321  0.0333  0.0394  0.0366  0.0329  0.0295  0.0333  0.0298  0.0313  0.0294  0.0270
niter,ni,del,rscale     7    3    5.0000    1.2000
parameter  5  0.618894 ->  0.500000 qaram    1.3225
parameters
    0.2986   35.7066    8.5990   -3.7847  -17.0563  -10.0437
    2.8997    1.8175   -3.3788   38.1783   -6.0947  -36.1225
eta,q 0.97442  6.64665
  0.0291  0.0293  0.0275  0.0306  0.0260  0.0273  0.0278  0.0294  0.0277  0.0285  0.0267  0.0268
  0.0278  0.0281  0.0269  0.0291  0.0256  0.0265  0.0267  0.0275  0.0266  0.0272  0.0261  0.0260
  0.0270  0.0272  0.0267  0.0278  0.0258  0.0261  0.0260  0.0262  0.0260  0.0262  0.0257  0.0256
  0.0268  0.0268  0.0268  0.0267  0.0266  0.0256  0.0257  0.0257  0.0257  0.0256  0.0256  0.0256
  0.0273  0.0269  0.0271  0.0265  0.0279  0.0255  0.0258  0.0259  0.0258  0.0257  0.0257  0.0259
  0.0285  0.0275  0.0278  0.0279  0.0298  0.0263  0.0264  0.0271  0.0264  0.0265  0.0261  0.0264
  0.0303  0.0286  0.0286  0.0306  0.0322  0.0283  0.0274  0.0291  0.0273  0.0278  0.0267  0.0272
niter,ni,del,rscale     7    3    5.0000    1.2000
parameters
    0.2945   35.8091    8.4455   -3.3958  -17.8912  -10.2373
    2.8543    1.8245   -3.3341   38.6255   -6.0669  -36.3638
eta,q 0.97454  6.63620
  0.0285  0.0280  0.0267  0.0295  0.0281  0.0273  0.0275  0.0292  0.0274  0.0282  0.0267  0.0268
  0.0269  0.0268  0.0260  0.0280  0.0267  0.0265  0.0264  0.0273  0.0264  0.0269  0.0260  0.0260
  0.0259  0.0259  0.0256  0.0266  0.0257  0.0259  0.0257  0.0260  0.0257  0.0260  0.0256  0.0256
  0.0256  0.0256  0.0256  0.0256  0.0255  0.0255  0.0255  0.0255  0.0255  0.0255  0.0255  0.0255
  0.0259  0.0257  0.0258  0.0255  0.0260  0.0253  0.0257  0.0258  0.0257  0.0256  0.0256  0.0257
  0.0269  0.0264  0.0263  0.0269  0.0273  0.0261  0.0264  0.0271  0.0263  0.0264  0.0260  0.0262
  0.0286  0.0277  0.0270  0.0294  0.0294  0.0281  0.0275  0.0293  0.0273  0.0277  0.0266  0.0269
niter,ni,del,rscale     6    3    5.0000    1.2000
parameters
    0.2812   35.8849    8.3760   -3.3389  -18.1242  -10.3670
    2.8557    1.8031   -3.3107   38.8306   -6.0641  -36.4566
eta,q 0.97454  6.63178
  0.0285  0.0278  0.0267  0.0292  0.0284  0.0273  0.0275  0.0291  0.0273  0.0280  0.0266  0.0269
  0.0268  0.0266  0.0260  0.0277  0.0270  0.0265  0.0264  0.0272  0.0264  0.0268  0.0260  0.0261
  0.0258  0.0258  0.0255  0.0264  0.0259  0.0259  0.0257  0.0260  0.0257  0.0259  0.0256  0.0256
  0.0255  0.0255  0.0255  0.0255  0.0254  0.0254  0.0255  0.0255  0.0255  0.0255  0.0255  0.0255
  0.0258  0.0256  0.0257  0.0256  0.0258  0.0253  0.0257  0.0258  0.0257  0.0256  0.0256  0.0257
  0.0269  0.0264  0.0261  0.0272  0.0270  0.0260  0.0264  0.0271  0.0263  0.0265  0.0260  0.0262
  0.0285  0.0276  0.0268  0.0297  0.0289  0.0281  0.0275  0.0293  0.0273  0.0279  0.0266  0.0269
niter,ni,del,rscale     5    3    5.0000    1.2000
parameters
    0.2745   35.9182    8.3306   -3.3304  -18.2185  -10.4587
    2.8613    1.7868   -3.2959   38.9211   -6.0766  -36.5122
eta,q 0.97453  6.62894
  0.0285  0.0277  0.0267  0.0292  0.0285  0.0273  0.0275  0.0291  0.0273  0.0279  0.0266  0.0269
  0.0268  0.0265  0.0260  0.0277  0.0271  0.0265  0.0264  0.0272  0.0263  0.0267  0.0260  0.0261
  0.0258  0.0258  0.0256  0.0264  0.0259  0.0260  0.0257  0.0260  0.0257  0.0259  0.0256  0.0256
  0.0255  0.0255  0.0255  0.0255  0.0255  0.0255  0.0255  0.0255  0.0255  0.0255  0.0255  0.0255
  0.0258  0.0257  0.0257  0.0256  0.0258  0.0253  0.0257  0.0258  0.0257  0.0257  0.0256  0.0257
  0.0269  0.0264  0.0261  0.0272  0.0269  0.0260  0.0264  0.0271  0.0263  0.0265  0.0260  0.0262
  0.0285  0.0277  0.0268  0.0298  0.0288  0.0280  0.0275  0.0293  0.0273  0.0280  0.0266  0.0269
niter,ni,del,rscale     4    3    5.0000    1.2000
parameters
    0.2689   35.9327    8.2963   -3.3300  -18.2610  -10.5203
    2.8596    1.7787   -3.2878   38.9652   -6.0872  -36.5345
eta,q 0.97452  6.62707
  0.0285  0.0277  0.0268  0.0292  0.0285  0.0273  0.0275  0.0291  0.0273  0.0279  0.0266  0.0269
  0.0268  0.0265  0.0260  0.0277  0.0271  0.0265  0.0264  0.0272  0.0264  0.0267  0.0260  0.0261
  0.0258  0.0258  0.0256  0.0264  0.0259  0.0260  0.0257  0.0260  0.0257  0.0259  0.0256  0.0256
  0.0255  0.0255  0.0255  0.0255  0.0255  0.0255  0.0255  0.0255  0.0255  0.0255  0.0255  0.0255
  0.0258  0.0257  0.0257  0.0256  0.0258  0.0253  0.0257  0.0258  0.0257  0.0257  0.0256  0.0257
  0.0269  0.0264  0.0261  0.0272  0.0269  0.0260  0.0264  0.0271  0.0263  0.0265  0.0260  0.0262
  0.0285  0.0277  0.0268  0.0298  0.0288  0.0280  0.0275  0.0293  0.0273  0.0280  0.0266  0.0269
niter,ni,del,rscale     3    3    5.0000    1.2000
parameters
    0.2681   35.9401    8.2743   -3.3296  -18.2783  -10.5529
    2.8611    1.7756   -3.2850   38.9868   -6.0928  -36.5543
eta,q 0.97452  6.62631
  0.0285  0.0277  0.0268  0.0292  0.0286  0.0274  0.0275  0.0292  0.0273  0.0279  0.0266  0.0269
  0.0269  0.0265  0.0260  0.0277  0.0271  0.0265  0.0264  0.0272  0.0264  0.0267  0.0260  0.0261
  0.0258  0.0258  0.0256  0.0264  0.0260  0.0260  0.0257  0.0260  0.0257  0.0259  0.0256  0.0256
  0.0255  0.0255  0.0255  0.0255  0.0255  0.0255  0.0255  0.0255  0.0255  0.0255  0.0255  0.0255
  0.0258  0.0257  0.0257  0.0256  0.0258  0.0253  0.0257  0.0258  0.0257  0.0257  0.0256  0.0257
  0.0269  0.0265  0.0261  0.0272  0.0269  0.0260  0.0264  0.0271  0.0263  0.0266  0.0260  0.0262
  0.0285  0.0277  0.0268  0.0298  0.0288  0.0280  0.0275  0.0293  0.0273  0.0280  0.0266  0.0269
registration optimization eta report
parameter search radius
    2.4000    2.4000    2.4000    8.2800    9.5220    7.2000
    7.2000    7.2000    7.2000    7.2000    8.2800    8.2800
100000*second partial in parameter space
       53.       39.       22.        6.        3.        4.
        4.        7.        4.        5.        2.        2.
  0.0285  0.0277  0.0268  0.0292  0.0286  0.0274  0.0275  0.0292  0.0273  0.0279  0.0266  0.0269
  0.0269  0.0265  0.0260  0.0277  0.0271  0.0265  0.0264  0.0272  0.0264  0.0267  0.0260  0.0261
  0.0258  0.0258  0.0256  0.0264  0.0260  0.0260  0.0257  0.0260  0.0257  0.0259  0.0256  0.0256
  0.0255  0.0255  0.0255  0.0255  0.0255  0.0255  0.0255  0.0255  0.0255  0.0255  0.0255  0.0255
  0.0258  0.0257  0.0257  0.0256  0.0258  0.0253  0.0257  0.0258  0.0257  0.0257  0.0256  0.0257
  0.0269  0.0265  0.0261  0.0272  0.0269  0.0260  0.0264  0.0271  0.0263  0.0266  0.0260  0.0262
  0.0285  0.0277  0.0268  0.0298  0.0288  0.0280  0.0275  0.0293  0.0273  0.0280  0.0266  0.0269
    0.2681   35.9401    8.2743   -3.3296  -18.2783  -10.5529
    2.8611    1.7756   -3.2850   38.9868   -6.0928  -36.5543
eta,q 0.97452  6.62631

---------------------------------------------------------------------
imgreg_4dfp /usr/local/freesurfer/stable5_1_0/average/711-2C_as_mni_average_305 /usr/local/freesurfer/stable5_1_0/average/711-2B_as_mni_average_305_mask talsrcimg_g11 none talsrcimg_to_711-2C_as_mni_average_305_t4 2311
---------------------------------------------------------------------

$Id: imgreg_4dfp.c,v 1.4 2010/02/27 01:41:53 nicks Exp $
/usr/local/freesurfer/stable5_1_0/average/711-2C_as_mni_average_305.4dfp.img
       256       256       256         1
  1.000000  1.000000  1.000000
orientation T byte_order littleendian
Reading image: /usr/local/freesurfer/stable5_1_0/average/711-2C_as_mni_average_305.4dfp.img
dimensions:      256       256       256
mmppix:       1.0000   -1.0000   -1.0000
center:     128.0000 -129.0000 -129.0000
/usr/local/freesurfer/stable5_1_0/average/711-2B_as_mni_average_305_mask.4dfp.img
       256       256       256         1
  1.000000  1.000000  1.000000
orientation T byte_order littleendian
Reading mask: /usr/local/freesurfer/stable5_1_0/average/711-2B_as_mni_average_305_mask.4dfp.img (2306576 pixels)
talsrcimg_g11.4dfp.img
       256       256       256         1
  1.000000  1.000000  1.000000
orientation T byte_order littleendian
Reading image: talsrcimg_g11.4dfp.img
dimensions:      256       256       256
mmppix:       1.0000   -1.0000   -1.0000
center:     128.0000 -129.0000 -129.0000
$Id: fimgreg.f,v 1.1 2007/05/04 22:33:59 nicks Exp $
image alignment mode   2311 decimal      907 hex
parameters
    0.2681   35.9401    8.2743   -3.3296  -18.2783  -10.5529
    2.8611    1.7756   -3.2850   38.9868   -6.0928  -36.5543
eta,q 0.97452  6.62631
niter,ni,del,rscale     5    3    5.0000    0.8000
parameters
    0.2645   35.9671    8.2128   -2.6032  -18.0480   -9.7865
    2.6725    2.0338   -3.3205   39.0095   -6.0741  -36.7643
eta,q 0.97478  6.66662
  0.0269  0.0265  0.0260  0.0274  0.0264  0.0264  0.0261  0.0274  0.0261  0.0265  0.0257  0.0257
  0.0261  0.0260  0.0257  0.0266  0.0258  0.0260  0.0256  0.0263  0.0256  0.0259  0.0254  0.0254
  0.0256  0.0256  0.0255  0.0260  0.0255  0.0257  0.0253  0.0256  0.0253  0.0254  0.0253  0.0253
  0.0255  0.0255  0.0255  0.0255  0.0254  0.0254  0.0252  0.0252  0.0252  0.0252  0.0252  0.0252
  0.0256  0.0256  0.0256  0.0254  0.0255  0.0252  0.0254  0.0254  0.0253  0.0254  0.0253  0.0253
  0.0261  0.0259  0.0258  0.0258  0.0257  0.0255  0.0257  0.0260  0.0256  0.0258  0.0254  0.0255
  0.0269  0.0265  0.0261  0.0267  0.0262  0.0261  0.0263  0.0271  0.0261  0.0266  0.0257  0.0258
niter,ni,del,rscale     4    3    5.0000    0.7000
parameters
    0.2654   36.0126    8.4699   -2.5154  -18.0760   -9.1620
    2.6327    2.0814   -3.3391   39.0087   -6.0427  -36.7415
eta,q 0.97488  6.68232
  0.0264  0.0261  0.0260  0.0267  0.0259  0.0261  0.0259  0.0268  0.0258  0.0262  0.0255  0.0255
  0.0257  0.0256  0.0256  0.0260  0.0255  0.0258  0.0254  0.0259  0.0254  0.0256  0.0253  0.0253
  0.0253  0.0253  0.0253  0.0255  0.0253  0.0255  0.0252  0.0253  0.0252  0.0253  0.0252  0.0252
  0.0252  0.0252  0.0252  0.0252  0.0252  0.0252  0.0251  0.0251  0.0251  0.0251  0.0251  0.0251
  0.0254  0.0253  0.0252  0.0253  0.0253  0.0251  0.0252  0.0253  0.0252  0.0252  0.0252  0.0252
  0.0257  0.0255  0.0253  0.0258  0.0255  0.0254  0.0255  0.0258  0.0254  0.0256  0.0253  0.0253
  0.0264  0.0260  0.0256  0.0267  0.0259  0.0259  0.0259  0.0268  0.0258  0.0262  0.0255  0.0255
niter,ni,del,rscale     3    3    5.0000    0.6000
parameters
    0.2658   36.0390    8.6899   -2.4470  -18.1378   -8.7058
    2.6113    2.1089   -3.3554   38.9630   -6.0353  -36.6976
eta,q 0.97494  6.69176
  0.0260  0.0258  0.0257  0.0263  0.0256  0.0259  0.0256  0.0263  0.0256  0.0259  0.0254  0.0254
  0.0255  0.0254  0.0254  0.0257  0.0253  0.0257  0.0253  0.0257  0.0253  0.0254  0.0252  0.0252
  0.0252  0.0252  0.0252  0.0253  0.0251  0.0253  0.0251  0.0252  0.0251  0.0252  0.0251  0.0251
  0.0251  0.0251  0.0251  0.0251  0.0251  0.0251  0.0251  0.0251  0.0251  0.0251  0.0251  0.0251
  0.0252  0.0252  0.0251  0.0252  0.0252  0.0251  0.0251  0.0252  0.0251  0.0252  0.0251  0.0251
  0.0255  0.0254  0.0252  0.0256  0.0254  0.0253  0.0253  0.0256  0.0253  0.0255  0.0252  0.0252
  0.0260  0.0257  0.0254  0.0263  0.0256  0.0257  0.0256  0.0263  0.0256  0.0259  0.0253  0.0253
niter,ni,del,rscale     2    3    5.0000    0.5000
parameters
    0.2587   36.0501    8.8554   -2.3951  -18.1702   -8.3688
    2.6062    2.1196   -3.3780   38.8866   -6.0515  -36.6186
eta,q 0.97497  6.69802
  0.0257  0.0255  0.0255  0.0259  0.0254  0.0257  0.0254  0.0259  0.0254  0.0256  0.0252  0.0253
  0.0253  0.0253  0.0253  0.0255  0.0252  0.0255  0.0252  0.0254  0.0252  0.0253  0.0251  0.0251
  0.0251  0.0251  0.0251  0.0252  0.0251  0.0252  0.0251  0.0251  0.0251  0.0251  0.0250  0.0251
  0.0251  0.0251  0.0251  0.0251  0.0251  0.0250  0.0250  0.0250  0.0250  0.0250  0.0250  0.0250
  0.0251  0.0251  0.0251  0.0251  0.0251  0.0251  0.0251  0.0251  0.0251  0.0251  0.0251  0.0251
  0.0254  0.0252  0.0251  0.0254  0.0252  0.0252  0.0252  0.0254  0.0252  0.0253  0.0251  0.0251
  0.0257  0.0255  0.0253  0.0259  0.0254  0.0255  0.0254  0.0259  0.0254  0.0257  0.0252  0.0252
niter,ni,del,rscale     1    3    5.0000    0.4000
parameters
    0.2516   36.0460    8.9741   -2.3574  -18.1882   -8.1479
    2.5932    2.1371   -3.3974   38.8092   -6.0692  -36.5879
eta,q 0.97499  6.70214
  0.0254  0.0253  0.0253  0.0256  0.0253  0.0255  0.0253  0.0256  0.0253  0.0254  0.0252  0.0252
  0.0252  0.0252  0.0252  0.0253  0.0251  0.0253  0.0251  0.0253  0.0251  0.0252  0.0251  0.0251
  0.0251  0.0251  0.0251  0.0251  0.0250  0.0251  0.0250  0.0251  0.0250  0.0251  0.0250  0.0250
  0.0250  0.0250  0.0250  0.0250  0.0250  0.0250  0.0250  0.0250  0.0250  0.0250  0.0250  0.0250
  0.0251  0.0251  0.0250  0.0251  0.0251  0.0250  0.0251  0.0251  0.0250  0.0251  0.0250  0.0250
  0.0252  0.0252  0.0251  0.0253  0.0251  0.0252  0.0251  0.0253  0.0251  0.0252  0.0251  0.0251
  0.0254  0.0253  0.0252  0.0256  0.0253  0.0254  0.0253  0.0256  0.0253  0.0254  0.0252  0.0251
registration optimization eta report
parameter search radius
    0.8000    0.8000    0.8000    2.4000    2.4000    2.4000
    2.4000    2.4000    2.4000    2.4000    2.4000    2.4000
100000*second partial in parameter space
       64.       44.       31.       10.        4.        8.
        4.       10.        4.        7.        3.        2.
  0.0254  0.0253  0.0253  0.0256  0.0253  0.0255  0.0253  0.0256  0.0253  0.0254  0.0252  0.0252
  0.0252  0.0252  0.0252  0.0253  0.0251  0.0253  0.0251  0.0253  0.0251  0.0252  0.0251  0.0251
  0.0251  0.0251  0.0251  0.0251  0.0250  0.0251  0.0250  0.0251  0.0250  0.0251  0.0250  0.0250
  0.0250  0.0250  0.0250  0.0250  0.0250  0.0250  0.0250  0.0250  0.0250  0.0250  0.0250  0.0250
  0.0251  0.0251  0.0250  0.0251  0.0251  0.0250  0.0251  0.0251  0.0250  0.0251  0.0250  0.0250
  0.0252  0.0252  0.0251  0.0253  0.0251  0.0252  0.0251  0.0253  0.0251  0.0252  0.0251  0.0251
  0.0254  0.0253  0.0252  0.0256  0.0253  0.0254  0.0253  0.0256  0.0253  0.0254  0.0252  0.0251
    0.2516   36.0460    8.9741   -2.3574  -18.1882   -8.1479
    2.5932    2.1371   -3.3974   38.8092   -6.0692  -36.5879
eta,q 0.97499  6.70214

---------------------------------------------------------------------
imgreg_4dfp /usr/local/freesurfer/stable5_1_0/average/711-2C_as_mni_average_305 /usr/local/freesurfer/stable5_1_0/average/711-2B_as_mni_average_305_mask talsrcimg_g11 none talsrcimg_to_711-2C_as_mni_average_305_t4 2311
---------------------------------------------------------------------

$Id: imgreg_4dfp.c,v 1.4 2010/02/27 01:41:53 nicks Exp $
/usr/local/freesurfer/stable5_1_0/average/711-2C_as_mni_average_305.4dfp.img
       256       256       256         1
  1.000000  1.000000  1.000000
orientation T byte_order littleendian
Reading image: /usr/local/freesurfer/stable5_1_0/average/711-2C_as_mni_average_305.4dfp.img
dimensions:      256       256       256
mmppix:       1.0000   -1.0000   -1.0000
center:     128.0000 -129.0000 -129.0000
/usr/local/freesurfer/stable5_1_0/average/711-2B_as_mni_average_305_mask.4dfp.img
       256       256       256         1
  1.000000  1.000000  1.000000
orientation T byte_order littleendian
Reading mask: /usr/local/freesurfer/stable5_1_0/average/711-2B_as_mni_average_305_mask.4dfp.img (2306576 pixels)
talsrcimg_g11.4dfp.img
       256       256       256         1
  1.000000  1.000000  1.000000
orientation T byte_order littleendian
Reading image: talsrcimg_g11.4dfp.img
dimensions:      256       256       256
mmppix:       1.0000   -1.0000   -1.0000
center:     128.0000 -129.0000 -129.0000
$Id: fimgreg.f,v 1.1 2007/05/04 22:33:59 nicks Exp $
image alignment mode   2311 decimal      907 hex
parameters
    0.2516   36.0460    8.9741   -2.3574  -18.1882   -8.1479
    2.5932    2.1371   -3.3974   38.8092   -6.0692  -36.5879
eta,q 0.97499  6.70214
niter,ni,del,rscale     5    3    5.0000    0.8000
parameters
    0.2677   36.0231    9.0487   -2.6530  -18.1003   -8.5413
    2.6997    2.0312   -3.3652   38.8827   -6.0573  -36.3800
eta,q 0.97494  6.68909
  0.0267  0.0261  0.0259  0.0267  0.0260  0.0262  0.0261  0.0271  0.0260  0.0266  0.0256  0.0256
  0.0258  0.0255  0.0254  0.0259  0.0255  0.0258  0.0255  0.0260  0.0255  0.0258  0.0253  0.0253
  0.0252  0.0251  0.0251  0.0253  0.0251  0.0253  0.0252  0.0253  0.0252  0.0253  0.0251  0.0251
  0.0250  0.0250  0.0250  0.0250  0.0250  0.0250  0.0251  0.0251  0.0251  0.0251  0.0251  0.0251
  0.0252  0.0251  0.0251  0.0253  0.0251  0.0252  0.0252  0.0253  0.0252  0.0252  0.0251  0.0251
  0.0257  0.0255  0.0253  0.0261  0.0254  0.0258  0.0255  0.0261  0.0255  0.0257  0.0253  0.0253
  0.0266  0.0262  0.0257  0.0274  0.0259  0.0270  0.0260  0.0273  0.0260  0.0265  0.0256  0.0255
niter,ni,del,rscale     4    3    5.0000    0.7000
parameters
    0.2640   36.0185    8.9344   -2.5776  -18.1085   -8.5444
    2.6629    2.0486   -3.3646   38.8612   -6.0488  -36.4837
eta,q 0.97495  6.69100
  0.0263  0.0259  0.0255  0.0266  0.0258  0.0260  0.0258  0.0267  0.0258  0.0262  0.0255  0.0254
  0.0256  0.0254  0.0253  0.0259  0.0254  0.0257  0.0254  0.0258  0.0254  0.0256  0.0252  0.0252
  0.0252  0.0252  0.0251  0.0254  0.0251  0.0253  0.0251  0.0253  0.0251  0.0252  0.0251  0.0251
  0.0251  0.0251  0.0251  0.0251  0.0250  0.0250  0.0250  0.0251  0.0250  0.0250  0.0250  0.0251
  0.0252  0.0252  0.0252  0.0252  0.0251  0.0251  0.0251  0.0252  0.0251  0.0252  0.0251  0.0251
  0.0256  0.0254  0.0254  0.0257  0.0254  0.0255  0.0254  0.0258  0.0254  0.0256  0.0252  0.0252
  0.0263  0.0259  0.0257  0.0266  0.0258  0.0262  0.0258  0.0267  0.0258  0.0262  0.0254  0.0255
niter,ni,del,rscale     3    3    5.0000    0.6000
parameters
    0.2584   36.0256    8.9190   -2.4836  -18.1093   -8.3924
    2.6280    2.0853   -3.3739   38.8402   -6.0466  -36.5219
eta,q 0.97497  6.69610
  0.0259  0.0257  0.0255  0.0263  0.0256  0.0259  0.0256  0.0263  0.0256  0.0259  0.0253  0.0253
  0.0254  0.0253  0.0252  0.0257  0.0253  0.0256  0.0253  0.0256  0.0253  0.0254  0.0252  0.0252
  0.0251  0.0251  0.0251  0.0253  0.0251  0.0253  0.0251  0.0252  0.0251  0.0251  0.0251  0.0251
  0.0250  0.0250  0.0250  0.0250  0.0250  0.0250  0.0250  0.0250  0.0250  0.0250  0.0250  0.0250
  0.0252  0.0251  0.0251  0.0251  0.0251  0.0251  0.0251  0.0252  0.0251  0.0251  0.0251  0.0251
  0.0255  0.0253  0.0253  0.0255  0.0253  0.0254  0.0253  0.0256  0.0253  0.0254  0.0252  0.0252
  0.0259  0.0257  0.0255  0.0262  0.0256  0.0259  0.0256  0.0263  0.0256  0.0259  0.0253  0.0253
niter,ni,del,rscale     2    3    5.0000    0.5000
parameters
    0.2541   36.0345    8.9741   -2.4160  -18.1531   -8.2025
    2.6155    2.1066   -3.3820   38.8034   -6.0487  -36.5264
eta,q 0.97498  6.70009
  0.0257  0.0255  0.0254  0.0259  0.0254  0.0257  0.0254  0.0259  0.0254  0.0256  0.0252  0.0252
  0.0253  0.0252  0.0252  0.0255  0.0252  0.0254  0.0252  0.0254  0.0252  0.0253  0.0251  0.0251
  0.0251  0.0251  0.0251  0.0252  0.0251  0.0252  0.0251  0.0251  0.0251  0.0251  0.0250  0.0250
  0.0250  0.0250  0.0250  0.0250  0.0250  0.0250  0.0250  0.0250  0.0250  0.0250  0.0250  0.0250
  0.0251  0.0251  0.0251  0.0251  0.0251  0.0251  0.0251  0.0251  0.0251  0.0251  0.0251  0.0250
  0.0253  0.0252  0.0251  0.0254  0.0252  0.0253  0.0252  0.0254  0.0252  0.0253  0.0251  0.0251
  0.0257  0.0255  0.0253  0.0259  0.0254  0.0256  0.0254  0.0259  0.0254  0.0257  0.0252  0.0252
niter,ni,del,rscale     1    3    5.0000    0.4000
parameters
    0.2503   36.0378    9.0332   -2.3695  -18.1656   -8.0664
    2.5968    2.1328   -3.3951   38.7629   -6.0774  -36.5270
eta,q 0.97499  6.70322
  0.0254  0.0253  0.0252  0.0256  0.0253  0.0255  0.0253  0.0256  0.0252  0.0254  0.0252  0.0252
  0.0252  0.0251  0.0251  0.0253  0.0251  0.0253  0.0251  0.0253  0.0251  0.0252  0.0251  0.0251
  0.0251  0.0251  0.0251  0.0251  0.0250  0.0251  0.0250  0.0251  0.0250  0.0251  0.0250  0.0250
  0.0250  0.0250  0.0250  0.0250  0.0250  0.0250  0.0250  0.0250  0.0250  0.0250  0.0250  0.0250
  0.0251  0.0250  0.0250  0.0251  0.0250  0.0251  0.0251  0.0251  0.0250  0.0251  0.0250  0.0250
  0.0252  0.0251  0.0251  0.0253  0.0251  0.0252  0.0251  0.0253  0.0251  0.0252  0.0251  0.0251
  0.0254  0.0253  0.0252  0.0256  0.0253  0.0254  0.0253  0.0256  0.0253  0.0254  0.0252  0.0251
registration optimization eta report
parameter search radius
    0.8000    0.8000    0.8000    2.4000    2.4000    2.4000
    2.4000    2.4000    2.4000    2.4000    2.4000    2.4000
100000*second partial in parameter space
       64.       45.       30.       10.        4.        8.
        4.       10.        4.        7.        2.        2.
  0.0254  0.0253  0.0252  0.0256  0.0253  0.0255  0.0253  0.0256  0.0252  0.0254  0.0252  0.0252
  0.0252  0.0251  0.0251  0.0253  0.0251  0.0253  0.0251  0.0253  0.0251  0.0252  0.0251  0.0251
  0.0251  0.0251  0.0251  0.0251  0.0250  0.0251  0.0250  0.0251  0.0250  0.0251  0.0250  0.0250
  0.0250  0.0250  0.0250  0.0250  0.0250  0.0250  0.0250  0.0250  0.0250  0.0250  0.0250  0.0250
  0.0251  0.0250  0.0250  0.0251  0.0250  0.0251  0.0251  0.0251  0.0250  0.0251  0.0250  0.0250
  0.0252  0.0251  0.0251  0.0253  0.0251  0.0252  0.0251  0.0253  0.0251  0.0252  0.0251  0.0251
  0.0254  0.0253  0.0252  0.0256  0.0253  0.0254  0.0253  0.0256  0.0253  0.0254  0.0252  0.0251
    0.2503   36.0378    9.0332   -2.3695  -18.1656   -8.0664
    2.5968    2.1328   -3.3951   38.7629   -6.0774  -36.5270
eta,q 0.97499  6.70322

---------------------------------------------------------------------
compute_vox2vox talsrcimg talsrcimg_to_711-2C_as_mni_average_305_t4 /usr/local/freesurfer/stable5_1_0/average/711-2C_as_mni_average_305
---------------------------------------------------------------------

$Id: compute_vox2vox.c,v 1.3 2010/02/27 01:41:53 nicks Exp $
Reading: talsrcimg.4dfp.ifh
Reading: talsrcimg_to_711-2C_as_mni_average_305_t4
Reading: /usr/local/freesurfer/stable5_1_0/average/711-2C_as_mni_average_305.4dfp.ifh
Writing: talsrcimg_to_711-2C_as_mni_average_305_t4_vox2vox.txt

start time Thu Sep 15 14:10:58 EDT 2011
end		time Thu Sep 15 14:11:43 EDT 2011

mpr2mni305 success

avi2talxfm orig.mgz /usr/local/freesurfer/stable5_1_0/average/mni305.cor.mgz talsrcimg_to_711-2C_as_mni_average_305_t4_vox2vox.txt transforms/talairach.auto.xfm
avi2talxfm done
 
 
Thu Sep 15 14:11:46 EDT 2011
talairach_avi done
