/autofs/cluster/fusion/gramfort/work/data/bem_giorgio/subjects/sample/mri
/usr/local/freesurfer/stable5_1_0/bin/mri_nu_correct.mni
--i orig.mgz --o nu.mgz --uchar transforms/talairach.xfm --n 2
nIters 2
$Id: mri_nu_correct.mni,v 1.18 2011/03/02 20:16:39 nicks Exp $
Linux megmix 2.6.18-238.9.1.el5 #1 SMP Tue Apr 12 18:10:13 EDT 2011 x86_64 x86_64 x86_64 GNU/Linux
Thu Sep 15 14:11:47 EDT 2011
Program nu_correct, built from:
Package MNI N3, version 1.10, compiled by nicks@minerva (x86_64-unknown-linux-gnu) on 2010-02-20 at 17:32:37
tmpdir is ./tmp.mri_nu_correct.mni.15111
/autofs/cluster/fusion/gramfort/work/data/bem_giorgio/subjects/sample/mri
mri_convert orig.mgz ./tmp.mri_nu_correct.mni.15111/nu0.mnc -odt float
mri_convert orig.mgz ./tmp.mri_nu_correct.mni.15111/nu0.mnc -odt float 
$Id: mri_convert.c,v 1.181 2011/05/16 20:53:14 greve Exp $
reading from orig.mgz...
TR=2300.00, TE=1.64, TI=1100.00, flip angle=9.00
i_ras = (-1, 8.56817e-08, 1.49012e-08)
j_ras = (1.15484e-07, 7.85803e-09, -1)
k_ras = (-1.91852e-07, 1, 3.20142e-09)
changing data type from uchar to float (noscale = 0)...
writing to ./tmp.mri_nu_correct.mni.15111/nu0.mnc...
 
--------------------------------------------------------
Iteration 1 Thu Sep 15 14:11:56 EDT 2011
nu_correct -clobber ./tmp.mri_nu_correct.mni.15111/nu0.mnc ./tmp.mri_nu_correct.mni.15111/nu1.mnc -tmpdir ./tmp.mri_nu_correct.mni.15111/0/
[gramfort@megmix:/autofs/cluster/fusion/gramfort/work/data/bem_giorgio/subjects/sample/mri/] [2011-09-15 14:11:56] running:
  /usr/local/freesurfer/stable5_1_0/mni/bin/nu_estimate_np_and_em -parzen -log -sharpen 0.15 0.01 -iterations 50 -stop 0.001 -shrink 4 -auto_mask -nonotify -b_spline 1 -distance 200 -quiet -execute -clobber -nokeeptmp -tmpdir ./tmp.mri_nu_correct.mni.15111/0/ ./tmp.mri_nu_correct.mni.15111/nu0.mnc ./tmp.mri_nu_correct.mni.15111/nu1.imp

Processing:.................................................................Done
Processing:.................................................................Done
Processing:.................................................................Done
Processing:.................................................................Done
Processing:.................................................................Done
Processing:.................................................................Done
Processing:.................................................................Done
Processing:.................................................................Done
Processing:.................................................................Done
Processing:.................................................................Done
Processing:.................................................................Done
Processing:.................................................................Done
Processing:.................................................................Done
Processing:.................................................................Done
Processing:.................................................................Done
Processing:.................................................................Done
Processing:.................................................................Done
Processing:.................................................................Done
Processing:.................................................................Done
Processing:.................................................................Done
Processing:.................................................................Done
Processing:.................................................................Done
Processing:.................................................................Done
Processing:.................................................................Done
Processing:.................................................................Done
Processing:.................................................................Done
Processing:.................................................................Done
Processing:.................................................................Done
Processing:.................................................................Done
Processing:.................................................................Done
Processing:.................................................................Done
Processing:.................................................................Done
Processing:.................................................................Done
Processing:.................................................................Done
Processing:.................................................................Done
Processing:.................................................................Done
Processing:.................................................................Done
Processing:.................................................................Done
Processing:.................................................................Done
Processing:.................................................................Done
Processing:.................................................................Done
Processing:.................................................................Done
Processing:.................................................................Done
Processing:.................................................................Done
Processing:.................................................................Done
Processing:.................................................................Done
Processing:.................................................................Done
Number of iterations: 47 
CV of field change: 0.000990686
[gramfort@megmix:/autofs/cluster/fusion/gramfort/work/data/bem_giorgio/subjects/sample/mri/] [2011-09-15 14:13:11] running:
  /usr/local/freesurfer/stable5_1_0/mni/bin/make_template -quiet -shrink 3 ./tmp.mri_nu_correct.mni.15111/nu0.mnc ./tmp.mri_nu_correct.mni.15111/0//template.mnc

Transforming slices:......................................................................................Done
Transforming slices:................................................................................................................................................................................................................................................................Done
 
 
--------------------------------------------------------
Iteration 2 Thu Sep 15 14:13:33 EDT 2011
nu_correct -clobber ./tmp.mri_nu_correct.mni.15111/nu1.mnc ./tmp.mri_nu_correct.mni.15111/nu2.mnc -tmpdir ./tmp.mri_nu_correct.mni.15111/1/
[gramfort@megmix:/autofs/cluster/fusion/gramfort/work/data/bem_giorgio/subjects/sample/mri/] [2011-09-15 14:13:33] running:
  /usr/local/freesurfer/stable5_1_0/mni/bin/nu_estimate_np_and_em -parzen -log -sharpen 0.15 0.01 -iterations 50 -stop 0.001 -shrink 4 -auto_mask -nonotify -b_spline 1 -distance 200 -quiet -execute -clobber -nokeeptmp -tmpdir ./tmp.mri_nu_correct.mni.15111/1/ ./tmp.mri_nu_correct.mni.15111/nu1.mnc ./tmp.mri_nu_correct.mni.15111/nu2.imp

Processing:.................................................................Done
Processing:.................................................................Done
Processing:.................................................................Done
Processing:.................................................................Done
Processing:.................................................................Done
Processing:.................................................................Done
Processing:.................................................................Done
Processing:.................................................................Done
Processing:.................................................................Done
Processing:.................................................................Done
Processing:.................................................................Done
Processing:.................................................................Done
Processing:.................................................................Done
Processing:.................................................................Done
Processing:.................................................................Done
Processing:.................................................................Done
Processing:.................................................................Done
Processing:.................................................................Done
Processing:.................................................................Done
Processing:.................................................................Done
Processing:.................................................................Done
Processing:.................................................................Done
Processing:.................................................................Done
Processing:.................................................................Done
Processing:.................................................................Done
Processing:.................................................................Done
Processing:.................................................................Done
Processing:.................................................................Done
Processing:.................................................................Done
Processing:.................................................................Done
Processing:.................................................................Done
Processing:.................................................................Done
Processing:.................................................................Done
Processing:.................................................................Done
Processing:.................................................................Done
Processing:.................................................................Done
Processing:.................................................................Done
Processing:.................................................................Done
Processing:.................................................................Done
Processing:.................................................................Done
Processing:.................................................................Done
Processing:.................................................................Done
Processing:.................................................................Done
Processing:.................................................................Done
Processing:.................................................................Done
Processing:.................................................................Done
Processing:.................................................................Done
Processing:.................................................................Done
Processing:.................................................................Done
Processing:.................................................................Done
Number of iterations: 50 
CV of field change: 0.00141063
[gramfort@megmix:/autofs/cluster/fusion/gramfort/work/data/bem_giorgio/subjects/sample/mri/] [2011-09-15 14:14:59] running:
  /usr/local/freesurfer/stable5_1_0/mni/bin/make_template -quiet -shrink 3 ./tmp.mri_nu_correct.mni.15111/nu1.mnc ./tmp.mri_nu_correct.mni.15111/1//template.mnc

Transforming slices:......................................................................................Done
Transforming slices:................................................................................................................................................................................................................................................................Done
 
 
 
mri_binarize --i ./tmp.mri_nu_correct.mni.15111/nu2.mnc --min -1 --o ./tmp.mri_nu_correct.mni.15111/ones.mgz

$Id: mri_binarize.c,v 1.26.2.1 2011/04/08 15:40:50 greve Exp $
cwd /autofs/cluster/fusion/gramfort/work/data/bem_giorgio/subjects/sample/mri
cmdline mri_binarize --i ./tmp.mri_nu_correct.mni.15111/nu2.mnc --min -1 --o ./tmp.mri_nu_correct.mni.15111/ones.mgz 
sysname  Linux
hostname megmix
machine  x86_64
user     gramfort

input      ./tmp.mri_nu_correct.mni.15111/nu2.mnc
frame      0
nErode3d   0
nErode2d   0
output     ./tmp.mri_nu_correct.mni.15111/ones.mgz
Binarizing based on threshold
min        -1
max        +infinity
binval        1
binvalnot     0
Found 16777216 values in range
Counting number of voxels
Found 16777216 voxels in final mask
mri_binarize done
mri_segstats --id 1 --seg ./tmp.mri_nu_correct.mni.15111/ones.mgz --i orig.mgz --sum ./tmp.mri_nu_correct.mni.15111/sum.junk --avgwf ./tmp.mri_nu_correct.mni.15111/input.mean.dat

$Id: mri_segstats.c,v 1.75.2.2 2011/04/27 22:18:58 nicks Exp $
cwd 
cmdline mri_segstats --id 1 --seg ./tmp.mri_nu_correct.mni.15111/ones.mgz --i orig.mgz --sum ./tmp.mri_nu_correct.mni.15111/sum.junk --avgwf ./tmp.mri_nu_correct.mni.15111/input.mean.dat 
sysname  Linux
hostname megmix
machine  x86_64
user     gramfort
Loading ./tmp.mri_nu_correct.mni.15111/ones.mgz
Loading orig.mgz
Voxel Volume is 1 mm^3
Generating list of segmentation ids
Found   1 segmentations
Computing statistics for each segmentation
  0     1   16777216  1.67772e+07

Reporting on   1 segmentations
Computing spatial average of each frame
  0
Writing to ./tmp.mri_nu_correct.mni.15111/input.mean.dat
mri_segstats --id 1 --seg ./tmp.mri_nu_correct.mni.15111/ones.mgz --i ./tmp.mri_nu_correct.mni.15111/nu2.mnc --sum ./tmp.mri_nu_correct.mni.15111/sum.junk --avgwf ./tmp.mri_nu_correct.mni.15111/output.mean.dat

$Id: mri_segstats.c,v 1.75.2.2 2011/04/27 22:18:58 nicks Exp $
cwd 
cmdline mri_segstats --id 1 --seg ./tmp.mri_nu_correct.mni.15111/ones.mgz --i ./tmp.mri_nu_correct.mni.15111/nu2.mnc --sum ./tmp.mri_nu_correct.mni.15111/sum.junk --avgwf ./tmp.mri_nu_correct.mni.15111/output.mean.dat 
sysname  Linux
hostname megmix
machine  x86_64
user     gramfort
Loading ./tmp.mri_nu_correct.mni.15111/ones.mgz
Loading ./tmp.mri_nu_correct.mni.15111/nu2.mnc
Voxel Volume is 1 mm^3
Generating list of segmentation ids
Found   1 segmentations
Computing statistics for each segmentation
  0     1   16777216  1.67772e+07

Reporting on   1 segmentations
Computing spatial average of each frame
  0
Writing to ./tmp.mri_nu_correct.mni.15111/output.mean.dat
mris_calc -o ./tmp.mri_nu_correct.mni.15111/nu2.mnc ./tmp.mri_nu_correct.mni.15111/nu2.mnc mul .89115357041631237599
mri_convert ./tmp.mri_nu_correct.mni.15111/nu2.mnc nu.mgz --like orig.mgz
mri_convert ./tmp.mri_nu_correct.mni.15111/nu2.mnc nu.mgz --like orig.mgz 
$Id: mri_convert.c,v 1.181 2011/05/16 20:53:14 greve Exp $
reading from ./tmp.mri_nu_correct.mni.15111/nu2.mnc...
TR=0.00, TE=0.00, TI=0.00, flip angle=0.00
i_ras = (-1, 8.56817e-08, 1.49012e-08)
j_ras = (1.15484e-07, 7.85804e-09, -1)
k_ras = (-1.91852e-07, 1, 3.20142e-09)
INFO: transform src into the like-volume: orig.mgz
Reslicing using trilinear interpolation 
writing to nu.mgz...
mri_make_uchar nu.mgz transforms/talairach.xfm nu.mgz
type change took 0 minutes and 8 seconds.
mapping (16, 145) to ( 3, 110)
 
 
Thu Sep 15 14:16:26 EDT 2011
mri_nu_correct.mni done
